Command line
python c:\Users\cz400\Desktop\Projects\lbl-sol\_lbl-sol\Scripts\chemprop_train --data_path ../data/raw/delaney.csv --dataset_type regression --num_folds 5 --save_dir models/RUN1
Args
{'activation': 'ReLU',
 'adding_h': False,
 'aggregation': 'mean',
 'aggregation_norm': 100,
 'atom_descriptor_scaling': True,
 'atom_descriptors': None,
 'atom_descriptors_path': None,
 'atom_descriptors_size': 0,
 'atom_features_size': 0,
 'atom_messages': False,
 'batch_size': 50,
 'bias': False,
 'bias_solvent': False,
 'bond_feature_scaling': True,
 'bond_features_path': None,
 'bond_features_size': 0,
 'cache_cutoff': 10000,
 'checkpoint_dir': None,
 'checkpoint_frzn': None,
 'checkpoint_path': None,
 'checkpoint_paths': None,
 'class_balance': False,
 'config_path': None,
 'crossval_index_dir': None,
 'crossval_index_file': None,
 'crossval_index_sets': None,
 'cuda': False,
 'data_path': '../data/raw/delaney.csv',
 'data_weights_path': None,
 'dataset_type': 'regression',
 'depth': 3,
 'depth_solvent': 3,
 'device': device(type='cpu'),
 'dropout': 0.0,
 'empty_cache': False,
 'ensemble_size': 1,
 'epochs': 30,
 'evidential_regularization': 0,
 'explicit_h': False,
 'extra_metrics': [],
 'features_generator': None,
 'features_only': False,
 'features_path': None,
 'features_scaling': True,
 'features_size': None,
 'ffn_hidden_size': 300,
 'ffn_num_layers': 2,
 'final_lr': 0.0001,
 'folds_file': None,
 'freeze_first_only': False,
 'frzn_ffn_layers': 0,
 'gpu': None,
 'grad_clip': None,
 'hidden_size': 300,
 'hidden_size_solvent': 300,
 'ignore_columns': None,
 'init_lr': 0.0001,
 'log_frequency': 10,
 'loss_function': 'mse',
 'max_data_size': None,
 'max_lr': 0.001,
 'metric': 'rmse',
 'metrics': ['rmse'],
 'minimize_score': True,
 'mpn_shared': False,
 'multiclass_num_classes': 3,
 'no_atom_descriptor_scaling': False,
 'no_bond_features_scaling': False,
 'no_cache_mol': False,
 'no_cuda': False,
 'no_features_scaling': False,
 'num_folds': 5,
 'num_lrs': 1,
 'num_tasks': 1,
 'num_workers': 8,
 'number_of_molecules': 1,
 'overwrite_default_atom_features': False,
 'overwrite_default_bond_features': False,
 'phase_features_path': None,
 'pytorch_seed': 0,
 'quiet': False,
 'reaction': False,
 'reaction_mode': 'reac_diff',
 'reaction_solvent': False,
 'resume_experiment': False,
 'save_dir': 'models/RUN1',
 'save_preds': False,
 'save_smiles_splits': False,
 'seed': 0,
 'separate_test_atom_descriptors_path': None,
 'separate_test_bond_features_path': None,
 'separate_test_features_path': None,
 'separate_test_path': None,
 'separate_test_phase_features_path': None,
 'separate_val_atom_descriptors_path': None,
 'separate_val_bond_features_path': None,
 'separate_val_features_path': None,
 'separate_val_path': None,
 'separate_val_phase_features_path': None,
 'show_individual_scores': False,
 'smiles_columns': ['SMILES'],
 'spectra_activation': 'exp',
 'spectra_phase_mask_path': None,
 'spectra_target_floor': 1e-08,
 'split_key_molecule': 0,
 'split_sizes': [0.8, 0.1, 0.1],
 'split_type': 'random',
 'target_columns': None,
 'target_weights': None,
 'task_names': ['logP'],
 'test': False,
 'test_fold_index': None,
 'train_data_size': None,
 'undirected': False,
 'use_input_features': False,
 'val_fold_index': None,
 'warmup_epochs': 2.0}
Setting molecule featurization parameters to default.
Loading data
Number of tasks = 1
Fold 0
Splitting data with seed 0
Total size = 1,127 | train size = 901 | val size = 113 | test size = 113
Fitting scaler
Building model 0
MoleculeModel(
  (encoder): MPN(
    (encoder): ModuleList(
      (0): MPNEncoder(
        (dropout_layer): Dropout(p=0.0, inplace=False)
        (act_func): ReLU()
        (W_i): Linear(in_features=147, out_features=300, bias=False)
        (W_h): Linear(in_features=300, out_features=300, bias=False)
        (W_o): Linear(in_features=433, out_features=300, bias=True)
      )
    )
  )
  (ffn): Sequential(
    (0): Dropout(p=0.0, inplace=False)
    (1): Linear(in_features=300, out_features=300, bias=True)
    (2): ReLU()
    (3): Dropout(p=0.0, inplace=False)
    (4): Linear(in_features=300, out_features=1, bias=True)
  )
)
Number of parameters = 355,201
Epoch 0
Loss = 9.6819e-01, PNorm = 34.0148, GNorm = 0.9825, lr_0 = 3.7500e-04
Validation rmse = 1.548857
Epoch 1
Loss = 5.9587e-01, PNorm = 34.0426, GNorm = 2.7087, lr_0 = 6.5000e-04
Loss = 5.4857e-01, PNorm = 34.0796, GNorm = 4.3314, lr_0 = 9.0000e-04
Validation rmse = 1.405288
Epoch 2
Loss = 4.0383e-01, PNorm = 34.1264, GNorm = 1.9658, lr_0 = 9.6853e-04
Loss = 4.0367e-01, PNorm = 34.1689, GNorm = 4.4612, lr_0 = 9.2527e-04
Validation rmse = 1.184765
Epoch 3
Loss = 3.1575e-01, PNorm = 34.2084, GNorm = 2.9213, lr_0 = 8.7992e-04
Loss = 2.8374e-01, PNorm = 34.2519, GNorm = 6.7184, lr_0 = 8.4063e-04
Validation rmse = 0.981880
Epoch 4
Loss = 2.1950e-01, PNorm = 34.2897, GNorm = 4.4770, lr_0 = 7.9943e-04
Loss = 2.2070e-01, PNorm = 34.3241, GNorm = 5.7795, lr_0 = 7.6372e-04
Loss = 2.3284e-01, PNorm = 34.3267, GNorm = 12.3235, lr_0 = 7.6024e-04
Validation rmse = 0.895944
Epoch 5
Loss = 2.6688e-01, PNorm = 34.3621, GNorm = 2.2823, lr_0 = 7.2629e-04
Validation rmse = 1.089498
Epoch 6
Loss = 3.3496e-01, PNorm = 34.3904, GNorm = 7.4334, lr_0 = 6.9069e-04
Loss = 2.5715e-01, PNorm = 34.4212, GNorm = 1.4370, lr_0 = 6.5985e-04
Validation rmse = 0.970329
Epoch 7
Loss = 3.1150e-01, PNorm = 34.4512, GNorm = 6.9064, lr_0 = 6.2751e-04
Loss = 2.7876e-01, PNorm = 34.4806, GNorm = 3.4978, lr_0 = 5.9948e-04
Validation rmse = 0.961720
Epoch 8
Loss = 1.8336e-01, PNorm = 34.5014, GNorm = 2.6338, lr_0 = 5.7010e-04
Loss = 1.9952e-01, PNorm = 34.5243, GNorm = 4.3683, lr_0 = 5.4464e-04
Validation rmse = 0.999448
Epoch 9
Loss = 1.8730e-01, PNorm = 34.5401, GNorm = 2.2464, lr_0 = 5.1795e-04
Loss = 1.6662e-01, PNorm = 34.5575, GNorm = 0.6006, lr_0 = 4.9482e-04
Loss = 4.9223e-02, PNorm = 34.5590, GNorm = 5.2189, lr_0 = 4.9256e-04
Validation rmse = 0.842371
Epoch 10
Loss = 1.9185e-01, PNorm = 34.5732, GNorm = 3.6267, lr_0 = 4.7056e-04
Validation rmse = 0.880728
Epoch 11
Loss = 1.7811e-01, PNorm = 34.5914, GNorm = 3.7099, lr_0 = 4.4750e-04
Loss = 1.1801e-01, PNorm = 34.6050, GNorm = 0.7208, lr_0 = 4.2752e-04
Validation rmse = 0.713166
Epoch 12
Loss = 1.1517e-01, PNorm = 34.6196, GNorm = 3.0050, lr_0 = 4.0656e-04
Loss = 1.1182e-01, PNorm = 34.6304, GNorm = 1.2892, lr_0 = 3.8841e-04
Validation rmse = 0.691470
Epoch 13
Loss = 1.1878e-01, PNorm = 34.6399, GNorm = 2.4317, lr_0 = 3.6937e-04
Loss = 1.2048e-01, PNorm = 34.6476, GNorm = 1.2741, lr_0 = 3.5287e-04
Validation rmse = 0.689866
Epoch 14
Loss = 9.8657e-02, PNorm = 34.6592, GNorm = 1.9762, lr_0 = 3.3558e-04
Loss = 1.1999e-01, PNorm = 34.6683, GNorm = 1.8136, lr_0 = 3.2059e-04
Loss = 2.7343e-02, PNorm = 34.6695, GNorm = 4.0069, lr_0 = 3.1913e-04
Validation rmse = 0.684841
Epoch 15
Loss = 1.0257e-01, PNorm = 34.6800, GNorm = 1.1786, lr_0 = 3.0488e-04
Validation rmse = 0.733434
Epoch 16
Loss = 1.2821e-01, PNorm = 34.6929, GNorm = 5.5258, lr_0 = 2.8994e-04
Loss = 1.5657e-01, PNorm = 34.6989, GNorm = 1.5206, lr_0 = 2.7699e-04
Validation rmse = 0.707346
Epoch 17
Loss = 1.0502e-01, PNorm = 34.7111, GNorm = 2.7025, lr_0 = 2.6341e-04
Loss = 1.1577e-01, PNorm = 34.7162, GNorm = 1.0636, lr_0 = 2.5165e-04
Validation rmse = 0.675808
Epoch 18
Loss = 9.5977e-02, PNorm = 34.7228, GNorm = 0.9473, lr_0 = 2.3931e-04
Loss = 1.0548e-01, PNorm = 34.7314, GNorm = 1.8152, lr_0 = 2.2863e-04
Validation rmse = 0.669563
Epoch 19
Loss = 1.1283e-01, PNorm = 34.7391, GNorm = 3.0502, lr_0 = 2.1742e-04
Loss = 8.4866e-02, PNorm = 34.7450, GNorm = 2.5917, lr_0 = 2.0771e-04
Loss = 7.0390e-01, PNorm = 34.7462, GNorm = 38.8734, lr_0 = 2.0676e-04
Validation rmse = 0.731913
Epoch 20
Loss = 2.1403e-01, PNorm = 34.7541, GNorm = 2.7010, lr_0 = 1.9753e-04
Validation rmse = 0.743807
Epoch 21
Loss = 1.0986e-01, PNorm = 34.7570, GNorm = 1.6760, lr_0 = 1.8785e-04
Loss = 1.1734e-01, PNorm = 34.7654, GNorm = 1.7404, lr_0 = 1.7946e-04
Validation rmse = 0.659087
Epoch 22
Loss = 1.0757e-01, PNorm = 34.7731, GNorm = 3.2824, lr_0 = 1.7066e-04
Loss = 9.8091e-02, PNorm = 34.7788, GNorm = 2.5846, lr_0 = 1.6304e-04
Validation rmse = 0.676436
Epoch 23
Loss = 1.3200e-01, PNorm = 34.7834, GNorm = 0.8595, lr_0 = 1.5505e-04
Loss = 8.3687e-02, PNorm = 34.7884, GNorm = 2.8710, lr_0 = 1.4813e-04
Validation rmse = 0.677409
Epoch 24
Loss = 8.9027e-02, PNorm = 34.7925, GNorm = 0.9357, lr_0 = 1.4087e-04
Loss = 8.8058e-02, PNorm = 34.7966, GNorm = 1.7640, lr_0 = 1.3458e-04
Loss = 2.0963e-02, PNorm = 34.7970, GNorm = 4.0909, lr_0 = 1.3396e-04
Validation rmse = 0.646347
Epoch 25
Loss = 8.0708e-02, PNorm = 34.8016, GNorm = 0.8378, lr_0 = 1.2798e-04
Validation rmse = 0.639059
Epoch 26
Loss = 7.1907e-02, PNorm = 34.8055, GNorm = 1.1285, lr_0 = 1.2171e-04
Loss = 8.3690e-02, PNorm = 34.8087, GNorm = 2.6412, lr_0 = 1.1627e-04
Validation rmse = 0.634807
Epoch 27
Loss = 7.7112e-02, PNorm = 34.8134, GNorm = 0.7536, lr_0 = 1.1057e-04
Loss = 6.9020e-02, PNorm = 34.8166, GNorm = 0.9099, lr_0 = 1.0564e-04
Validation rmse = 0.634922
Epoch 28
Loss = 8.1749e-02, PNorm = 34.8190, GNorm = 4.5860, lr_0 = 1.0046e-04
Loss = 1.0493e-01, PNorm = 34.8220, GNorm = 2.7853, lr_0 = 1.0000e-04
Validation rmse = 0.619020
Epoch 29
Loss = 1.0236e-01, PNorm = 34.8263, GNorm = 1.5154, lr_0 = 1.0000e-04
Loss = 9.5411e-02, PNorm = 34.8297, GNorm = 1.3249, lr_0 = 1.0000e-04
Loss = 7.3733e-04, PNorm = 34.8301, GNorm = 0.4928, lr_0 = 1.0000e-04
Validation rmse = 0.631510
Model 0 best validation rmse = 0.619020 on epoch 28
Loading pretrained parameter "encoder.encoder.0.cached_zero_vector".
Loading pretrained parameter "encoder.encoder.0.W_i.weight".
Loading pretrained parameter "encoder.encoder.0.W_h.weight".
Loading pretrained parameter "encoder.encoder.0.W_o.weight".
Loading pretrained parameter "encoder.encoder.0.W_o.bias".
Loading pretrained parameter "ffn.1.weight".
Loading pretrained parameter "ffn.1.bias".
Loading pretrained parameter "ffn.4.weight".
Loading pretrained parameter "ffn.4.bias".
Model 0 test rmse = 0.681372
Ensemble test rmse = 0.681372
Fold 1
Splitting data with seed 1
Total size = 1,127 | train size = 901 | val size = 113 | test size = 113
Fitting scaler
Building model 0
MoleculeModel(
  (encoder): MPN(
    (encoder): ModuleList(
      (0): MPNEncoder(
        (dropout_layer): Dropout(p=0.0, inplace=False)
        (act_func): ReLU()
        (W_i): Linear(in_features=147, out_features=300, bias=False)
        (W_h): Linear(in_features=300, out_features=300, bias=False)
        (W_o): Linear(in_features=433, out_features=300, bias=True)
      )
    )
  )
  (ffn): Sequential(
    (0): Dropout(p=0.0, inplace=False)
    (1): Linear(in_features=300, out_features=300, bias=True)
    (2): ReLU()
    (3): Dropout(p=0.0, inplace=False)
    (4): Linear(in_features=300, out_features=1, bias=True)
  )
)
Number of parameters = 355,201
Epoch 0
Loss = 9.9238e-01, PNorm = 34.0143, GNorm = 5.8687, lr_0 = 3.7500e-04
Validation rmse = 1.953569
Epoch 1
Loss = 8.4099e-01, PNorm = 34.0405, GNorm = 6.4343, lr_0 = 6.5000e-04
Loss = 5.5363e-01, PNorm = 34.0747, GNorm = 5.9392, lr_0 = 9.0000e-04
Validation rmse = 1.529156
Epoch 2
Loss = 4.9052e-01, PNorm = 34.1275, GNorm = 2.6296, lr_0 = 9.6853e-04
Loss = 3.6568e-01, PNorm = 34.1703, GNorm = 4.3482, lr_0 = 9.2527e-04
Validation rmse = 1.213695
Epoch 3
Loss = 3.8256e-01, PNorm = 34.2115, GNorm = 8.1612, lr_0 = 8.7992e-04
Loss = 3.3522e-01, PNorm = 34.2477, GNorm = 4.0265, lr_0 = 8.4063e-04
Validation rmse = 1.133797
Epoch 4
Loss = 2.9682e-01, PNorm = 34.2869, GNorm = 6.9006, lr_0 = 7.9943e-04
Loss = 2.7457e-01, PNorm = 34.3167, GNorm = 1.0172, lr_0 = 7.6372e-04
Loss = 2.0647e-01, PNorm = 34.3201, GNorm = 10.5766, lr_0 = 7.6024e-04
Validation rmse = 1.079979
Epoch 5
Loss = 2.3699e-01, PNorm = 34.3482, GNorm = 5.3241, lr_0 = 7.2629e-04
Validation rmse = 1.043770
Epoch 6
Loss = 2.9226e-01, PNorm = 34.3794, GNorm = 11.0316, lr_0 = 6.9069e-04
Loss = 2.5433e-01, PNorm = 34.4008, GNorm = 2.6232, lr_0 = 6.5985e-04
Validation rmse = 1.005552
Epoch 7
Loss = 2.8944e-01, PNorm = 34.4334, GNorm = 6.2963, lr_0 = 6.2751e-04
Loss = 1.7102e-01, PNorm = 34.4536, GNorm = 1.0988, lr_0 = 5.9948e-04
Validation rmse = 0.842388
Epoch 8
Loss = 1.6789e-01, PNorm = 34.4713, GNorm = 0.8264, lr_0 = 5.7010e-04
Loss = 1.4927e-01, PNorm = 34.4887, GNorm = 1.7443, lr_0 = 5.4464e-04
Validation rmse = 0.810372
Epoch 9
Loss = 1.6468e-01, PNorm = 34.5054, GNorm = 2.0233, lr_0 = 5.1795e-04
Loss = 1.5180e-01, PNorm = 34.5185, GNorm = 1.3683, lr_0 = 4.9482e-04
Loss = 1.2602e+00, PNorm = 34.5182, GNorm = 42.2519, lr_0 = 4.9256e-04
Validation rmse = 1.290253
Epoch 10
Loss = 5.3142e-01, PNorm = 34.5356, GNorm = 3.3713, lr_0 = 4.7056e-04
Validation rmse = 1.289373
Epoch 11
Loss = 3.3869e-01, PNorm = 34.5622, GNorm = 2.8460, lr_0 = 4.4750e-04
Loss = 2.3872e-01, PNorm = 34.5807, GNorm = 1.2192, lr_0 = 4.2752e-04
Validation rmse = 0.871603
Epoch 12
Loss = 1.6416e-01, PNorm = 34.6025, GNorm = 2.0344, lr_0 = 4.0656e-04
Loss = 1.6907e-01, PNorm = 34.6148, GNorm = 2.2090, lr_0 = 3.8841e-04
Validation rmse = 0.768720
Epoch 13
Loss = 1.4822e-01, PNorm = 34.6263, GNorm = 0.5077, lr_0 = 3.6937e-04
Loss = 1.3275e-01, PNorm = 34.6362, GNorm = 0.7839, lr_0 = 3.5287e-04
Validation rmse = 0.694380
Epoch 14
Loss = 1.2453e-01, PNorm = 34.6460, GNorm = 0.7662, lr_0 = 3.3558e-04
Loss = 1.3720e-01, PNorm = 34.6548, GNorm = 0.7439, lr_0 = 3.2059e-04
Loss = 7.7709e-04, PNorm = 34.6557, GNorm = 0.4463, lr_0 = 3.1913e-04
Validation rmse = 0.817465
Epoch 15
Loss = 1.3595e-01, PNorm = 34.6645, GNorm = 1.7103, lr_0 = 3.0488e-04
Validation rmse = 0.651763
Epoch 16
Loss = 1.1684e-01, PNorm = 34.6736, GNorm = 5.0290, lr_0 = 2.8994e-04
Loss = 1.3623e-01, PNorm = 34.6818, GNorm = 2.3562, lr_0 = 2.7699e-04
Validation rmse = 0.638019
Epoch 17
Loss = 1.2895e-01, PNorm = 34.6921, GNorm = 1.9959, lr_0 = 2.6341e-04
Loss = 1.1987e-01, PNorm = 34.6980, GNorm = 0.6010, lr_0 = 2.5165e-04
Validation rmse = 0.675693
Epoch 18
Loss = 1.1651e-01, PNorm = 34.7048, GNorm = 1.0816, lr_0 = 2.3931e-04
Loss = 1.3977e-01, PNorm = 34.7103, GNorm = 5.9703, lr_0 = 2.2863e-04
Validation rmse = 0.625563
Epoch 19
Loss = 1.0553e-01, PNorm = 34.7179, GNorm = 3.0159, lr_0 = 2.1742e-04
Loss = 1.0793e-01, PNorm = 34.7238, GNorm = 0.9096, lr_0 = 2.0771e-04
Loss = 3.7097e-03, PNorm = 34.7243, GNorm = 2.4570, lr_0 = 2.0676e-04
Validation rmse = 0.602109
Epoch 20
Loss = 9.4445e-02, PNorm = 34.7293, GNorm = 1.7695, lr_0 = 1.9753e-04
Validation rmse = 0.628673
Epoch 21
Loss = 1.1832e-01, PNorm = 34.7346, GNorm = 3.3525, lr_0 = 1.8785e-04
Loss = 9.7360e-02, PNorm = 34.7407, GNorm = 1.4561, lr_0 = 1.7946e-04
Validation rmse = 0.647832
Epoch 22
Loss = 1.1116e-01, PNorm = 34.7465, GNorm = 2.8509, lr_0 = 1.7066e-04
Loss = 9.7010e-02, PNorm = 34.7511, GNorm = 1.7613, lr_0 = 1.6304e-04
Validation rmse = 0.609534
Epoch 23
Loss = 1.0798e-01, PNorm = 34.7580, GNorm = 1.1841, lr_0 = 1.5505e-04
Loss = 1.0224e-01, PNorm = 34.7631, GNorm = 3.7831, lr_0 = 1.4813e-04
Validation rmse = 0.612332
Epoch 24
Loss = 1.1990e-01, PNorm = 34.7643, GNorm = 2.6096, lr_0 = 1.4087e-04
Loss = 1.1918e-01, PNorm = 34.7687, GNorm = 3.3065, lr_0 = 1.3458e-04
Loss = 1.7084e-01, PNorm = 34.7689, GNorm = 16.0483, lr_0 = 1.3396e-04
Validation rmse = 0.621048
Epoch 25
Loss = 9.5574e-02, PNorm = 34.7721, GNorm = 3.2725, lr_0 = 1.2798e-04
Validation rmse = 0.596877
Epoch 26
Loss = 8.1152e-02, PNorm = 34.7771, GNorm = 1.5386, lr_0 = 1.2171e-04
Loss = 9.4964e-02, PNorm = 34.7804, GNorm = 0.6850, lr_0 = 1.1627e-04
Validation rmse = 0.574609
Epoch 27
Loss = 1.0543e-01, PNorm = 34.7838, GNorm = 3.5146, lr_0 = 1.1057e-04
Loss = 9.7225e-02, PNorm = 34.7861, GNorm = 3.6719, lr_0 = 1.0564e-04
Validation rmse = 0.576465
Epoch 28
Loss = 9.1234e-02, PNorm = 34.7897, GNorm = 1.1474, lr_0 = 1.0046e-04
Loss = 8.4761e-02, PNorm = 34.7930, GNorm = 1.1744, lr_0 = 1.0000e-04
Validation rmse = 0.558894
Epoch 29
Loss = 9.1485e-02, PNorm = 34.7955, GNorm = 0.7514, lr_0 = 1.0000e-04
Loss = 8.0514e-02, PNorm = 34.7984, GNorm = 0.5693, lr_0 = 1.0000e-04
Loss = 5.9544e-02, PNorm = 34.7988, GNorm = 4.9734, lr_0 = 1.0000e-04
Validation rmse = 0.561726
Model 0 best validation rmse = 0.558894 on epoch 28
Loading pretrained parameter "encoder.encoder.0.cached_zero_vector".
Loading pretrained parameter "encoder.encoder.0.W_i.weight".
Loading pretrained parameter "encoder.encoder.0.W_h.weight".
Loading pretrained parameter "encoder.encoder.0.W_o.weight".
Loading pretrained parameter "encoder.encoder.0.W_o.bias".
Loading pretrained parameter "ffn.1.weight".
Loading pretrained parameter "ffn.1.bias".
Loading pretrained parameter "ffn.4.weight".
Loading pretrained parameter "ffn.4.bias".
Model 0 test rmse = 0.741942
Ensemble test rmse = 0.741942
Fold 2
Splitting data with seed 2
Total size = 1,127 | train size = 901 | val size = 113 | test size = 113
Fitting scaler
Building model 0
MoleculeModel(
  (encoder): MPN(
    (encoder): ModuleList(
      (0): MPNEncoder(
        (dropout_layer): Dropout(p=0.0, inplace=False)
        (act_func): ReLU()
        (W_i): Linear(in_features=147, out_features=300, bias=False)
        (W_h): Linear(in_features=300, out_features=300, bias=False)
        (W_o): Linear(in_features=433, out_features=300, bias=True)
      )
    )
  )
  (ffn): Sequential(
    (0): Dropout(p=0.0, inplace=False)
    (1): Linear(in_features=300, out_features=300, bias=True)
    (2): ReLU()
    (3): Dropout(p=0.0, inplace=False)
    (4): Linear(in_features=300, out_features=1, bias=True)
  )
)
Number of parameters = 355,201
Epoch 0
Loss = 9.6686e-01, PNorm = 34.0150, GNorm = 1.4525, lr_0 = 3.7500e-04
Validation rmse = 1.727194
Epoch 1
Loss = 7.1705e-01, PNorm = 34.0421, GNorm = 12.8001, lr_0 = 6.5000e-04
Loss = 5.7708e-01, PNorm = 34.0729, GNorm = 1.7742, lr_0 = 9.0000e-04
Validation rmse = 1.621237
Epoch 2
Loss = 4.2490e-01, PNorm = 34.1253, GNorm = 11.3776, lr_0 = 9.6853e-04
Loss = 3.6121e-01, PNorm = 34.1552, GNorm = 4.6041, lr_0 = 9.2527e-04
Validation rmse = 1.357383
Epoch 3
Loss = 2.9417e-01, PNorm = 34.1951, GNorm = 1.1187, lr_0 = 8.7992e-04
Loss = 2.6362e-01, PNorm = 34.2251, GNorm = 4.1269, lr_0 = 8.4063e-04
Validation rmse = 1.193958
Epoch 4
Loss = 2.7991e-01, PNorm = 34.2556, GNorm = 0.8902, lr_0 = 7.9943e-04
Loss = 2.5217e-01, PNorm = 34.2848, GNorm = 3.6880, lr_0 = 7.6372e-04
Loss = 4.4140e-01, PNorm = 34.2888, GNorm = 16.9835, lr_0 = 7.6024e-04
Validation rmse = 1.272996
Epoch 5
Loss = 3.0994e-01, PNorm = 34.3170, GNorm = 6.6763, lr_0 = 7.2629e-04
Validation rmse = 1.450954
Epoch 6
Loss = 5.0237e-01, PNorm = 34.3513, GNorm = 14.7002, lr_0 = 6.9069e-04
Loss = 4.0075e-01, PNorm = 34.3795, GNorm = 9.6794, lr_0 = 6.5985e-04
Validation rmse = 1.274107
Epoch 7
Loss = 2.5597e-01, PNorm = 34.4142, GNorm = 1.7082, lr_0 = 6.2751e-04
Loss = 2.0946e-01, PNorm = 34.4427, GNorm = 1.1963, lr_0 = 5.9948e-04
Validation rmse = 1.349202
Epoch 8
Loss = 3.6122e-01, PNorm = 34.4588, GNorm = 5.4762, lr_0 = 5.7010e-04
Loss = 2.3034e-01, PNorm = 34.4743, GNorm = 2.1453, lr_0 = 5.4464e-04
Validation rmse = 1.117175
Epoch 9
Loss = 2.0195e-01, PNorm = 34.4973, GNorm = 1.5243, lr_0 = 5.1795e-04
Loss = 1.5267e-01, PNorm = 34.5151, GNorm = 0.9820, lr_0 = 4.9482e-04
Loss = 1.0188e-01, PNorm = 34.5163, GNorm = 7.9416, lr_0 = 4.9256e-04
Validation rmse = 0.997295
Epoch 10
Loss = 1.5861e-01, PNorm = 34.5288, GNorm = 1.1143, lr_0 = 4.7056e-04
Validation rmse = 0.945504
Epoch 11
Loss = 1.2799e-01, PNorm = 34.5459, GNorm = 1.4293, lr_0 = 4.4750e-04
Loss = 1.4825e-01, PNorm = 34.5599, GNorm = 2.3314, lr_0 = 4.2752e-04
Validation rmse = 0.881685
Epoch 12
Loss = 1.0378e-01, PNorm = 34.5706, GNorm = 2.3738, lr_0 = 4.0656e-04
Loss = 1.2845e-01, PNorm = 34.5817, GNorm = 1.3896, lr_0 = 3.8841e-04
Validation rmse = 0.885107
Epoch 13
Loss = 1.4940e-01, PNorm = 34.5935, GNorm = 2.9791, lr_0 = 3.6937e-04
Loss = 1.2629e-01, PNorm = 34.6046, GNorm = 1.0917, lr_0 = 3.5287e-04
Validation rmse = 0.954548
Epoch 14
Loss = 1.2751e-01, PNorm = 34.6163, GNorm = 3.5050, lr_0 = 3.3558e-04
Loss = 1.0743e-01, PNorm = 34.6259, GNorm = 1.2125, lr_0 = 3.2059e-04
Loss = 1.5591e-02, PNorm = 34.6269, GNorm = 2.3209, lr_0 = 3.1913e-04
Validation rmse = 0.848413
Epoch 15
Loss = 1.0231e-01, PNorm = 34.6365, GNorm = 1.3134, lr_0 = 3.0488e-04
Validation rmse = 0.961213
Epoch 16
Loss = 1.4467e-01, PNorm = 34.6475, GNorm = 5.5716, lr_0 = 2.8994e-04
Loss = 1.2754e-01, PNorm = 34.6562, GNorm = 1.0420, lr_0 = 2.7699e-04
Validation rmse = 0.937319
Epoch 17
Loss = 1.4259e-01, PNorm = 34.6613, GNorm = 1.2885, lr_0 = 2.6341e-04
Loss = 1.2190e-01, PNorm = 34.6692, GNorm = 4.5448, lr_0 = 2.5165e-04
Validation rmse = 1.111496
Epoch 18
Loss = 1.5732e-01, PNorm = 34.6789, GNorm = 1.9865, lr_0 = 2.3931e-04
Loss = 1.2245e-01, PNorm = 34.6861, GNorm = 1.4816, lr_0 = 2.2863e-04
Validation rmse = 0.821640
Epoch 19
Loss = 8.6542e-02, PNorm = 34.6937, GNorm = 1.0545, lr_0 = 2.1742e-04
Loss = 1.0349e-01, PNorm = 34.7007, GNorm = 1.2928, lr_0 = 2.0771e-04
Loss = 2.1341e-03, PNorm = 34.7012, GNorm = 0.9013, lr_0 = 2.0676e-04
Validation rmse = 0.804629
Epoch 20
Loss = 9.2598e-02, PNorm = 34.7057, GNorm = 1.4756, lr_0 = 1.9753e-04
Validation rmse = 0.807590
Epoch 21
Loss = 9.3302e-02, PNorm = 34.7118, GNorm = 5.4152, lr_0 = 1.8785e-04
Loss = 9.6757e-02, PNorm = 34.7160, GNorm = 3.0130, lr_0 = 1.7946e-04
Validation rmse = 0.803820
Epoch 22
Loss = 6.3922e-02, PNorm = 34.7204, GNorm = 1.2915, lr_0 = 1.7066e-04
Loss = 9.7697e-02, PNorm = 34.7248, GNorm = 1.0051, lr_0 = 1.6304e-04
Validation rmse = 0.789634
Epoch 23
Loss = 1.0512e-01, PNorm = 34.7295, GNorm = 1.0818, lr_0 = 1.5505e-04
Loss = 7.0665e-02, PNorm = 34.7339, GNorm = 2.3060, lr_0 = 1.4813e-04
Validation rmse = 0.799177
Epoch 24
Loss = 7.5468e-02, PNorm = 34.7384, GNorm = 3.2007, lr_0 = 1.4087e-04
Loss = 8.8703e-02, PNorm = 34.7417, GNorm = 0.7645, lr_0 = 1.3458e-04
Loss = 2.0149e-02, PNorm = 34.7421, GNorm = 3.6026, lr_0 = 1.3396e-04
Validation rmse = 0.817674
Epoch 25
Loss = 7.8094e-02, PNorm = 34.7452, GNorm = 1.0118, lr_0 = 1.2798e-04
Validation rmse = 0.823025
Epoch 26
Loss = 9.7786e-02, PNorm = 34.7489, GNorm = 1.3054, lr_0 = 1.2171e-04
Loss = 8.3028e-02, PNorm = 34.7524, GNorm = 3.2383, lr_0 = 1.1627e-04
Validation rmse = 0.807628
Epoch 27
Loss = 6.9150e-02, PNorm = 34.7554, GNorm = 0.8158, lr_0 = 1.1057e-04
Loss = 8.1804e-02, PNorm = 34.7585, GNorm = 2.3199, lr_0 = 1.0564e-04
Validation rmse = 0.805117
Epoch 28
Loss = 6.1391e-02, PNorm = 34.7616, GNorm = 0.6739, lr_0 = 1.0046e-04
Loss = 8.1597e-02, PNorm = 34.7645, GNorm = 0.8550, lr_0 = 1.0000e-04
Validation rmse = 0.842769
Epoch 29
Loss = 7.3839e-02, PNorm = 34.7672, GNorm = 1.5273, lr_0 = 1.0000e-04
Loss = 7.5584e-02, PNorm = 34.7702, GNorm = 0.8103, lr_0 = 1.0000e-04
Loss = 7.4739e-03, PNorm = 34.7705, GNorm = 2.0756, lr_0 = 1.0000e-04
Validation rmse = 0.784624
Model 0 best validation rmse = 0.784624 on epoch 29
Loading pretrained parameter "encoder.encoder.0.cached_zero_vector".
Loading pretrained parameter "encoder.encoder.0.W_i.weight".
Loading pretrained parameter "encoder.encoder.0.W_h.weight".
Loading pretrained parameter "encoder.encoder.0.W_o.weight".
Loading pretrained parameter "encoder.encoder.0.W_o.bias".
Loading pretrained parameter "ffn.1.weight".
Loading pretrained parameter "ffn.1.bias".
Loading pretrained parameter "ffn.4.weight".
Loading pretrained parameter "ffn.4.bias".
Model 0 test rmse = 0.609411
Ensemble test rmse = 0.609411
Fold 3
Splitting data with seed 3
Total size = 1,127 | train size = 901 | val size = 113 | test size = 113
Fitting scaler
Building model 0
MoleculeModel(
  (encoder): MPN(
    (encoder): ModuleList(
      (0): MPNEncoder(
        (dropout_layer): Dropout(p=0.0, inplace=False)
        (act_func): ReLU()
        (W_i): Linear(in_features=147, out_features=300, bias=False)
        (W_h): Linear(in_features=300, out_features=300, bias=False)
        (W_o): Linear(in_features=433, out_features=300, bias=True)
      )
    )
  )
  (ffn): Sequential(
    (0): Dropout(p=0.0, inplace=False)
    (1): Linear(in_features=300, out_features=300, bias=True)
    (2): ReLU()
    (3): Dropout(p=0.0, inplace=False)
    (4): Linear(in_features=300, out_features=1, bias=True)
  )
)
Number of parameters = 355,201
Epoch 0
Loss = 9.3554e-01, PNorm = 34.0160, GNorm = 5.4133, lr_0 = 3.7500e-04
Validation rmse = 1.836841
Epoch 1
Loss = 7.1773e-01, PNorm = 34.0384, GNorm = 1.9829, lr_0 = 6.5000e-04
Loss = 5.2421e-01, PNorm = 34.0766, GNorm = 1.4440, lr_0 = 9.0000e-04
Validation rmse = 1.956871
Epoch 2
Loss = 7.4230e-01, PNorm = 34.1381, GNorm = 12.0249, lr_0 = 9.6853e-04
Loss = 4.5331e-01, PNorm = 34.1717, GNorm = 2.1495, lr_0 = 9.2527e-04
Validation rmse = 1.220032
Epoch 3
Loss = 2.8208e-01, PNorm = 34.2120, GNorm = 2.0890, lr_0 = 8.7992e-04
Loss = 3.1144e-01, PNorm = 34.2500, GNorm = 1.5994, lr_0 = 8.4063e-04
Validation rmse = 1.222304
Epoch 4
Loss = 3.2438e-01, PNorm = 34.2867, GNorm = 0.8264, lr_0 = 7.9943e-04
Loss = 2.4198e-01, PNorm = 34.3209, GNorm = 5.7230, lr_0 = 7.6372e-04
Loss = 2.4438e+00, PNorm = 34.3238, GNorm = 38.9877, lr_0 = 7.6024e-04
Validation rmse = 1.993236
Epoch 5
Loss = 6.2580e-01, PNorm = 34.3525, GNorm = 2.0638, lr_0 = 7.2629e-04
Validation rmse = 1.191615
Epoch 6
Loss = 3.1353e-01, PNorm = 34.3907, GNorm = 2.7439, lr_0 = 6.9069e-04
Loss = 3.0514e-01, PNorm = 34.4178, GNorm = 0.8688, lr_0 = 6.5985e-04
Validation rmse = 0.941705
Epoch 7
Loss = 2.0573e-01, PNorm = 34.4453, GNorm = 0.6638, lr_0 = 6.2751e-04
Loss = 2.1646e-01, PNorm = 34.4706, GNorm = 0.8501, lr_0 = 5.9948e-04
Validation rmse = 0.899976
Epoch 8
Loss = 1.6739e-01, PNorm = 34.4906, GNorm = 0.9616, lr_0 = 5.7010e-04
Loss = 1.5683e-01, PNorm = 34.5085, GNorm = 1.6641, lr_0 = 5.4464e-04
Validation rmse = 0.875347
Epoch 9
Loss = 1.8198e-01, PNorm = 34.5268, GNorm = 5.4486, lr_0 = 5.1795e-04
Loss = 1.9475e-01, PNorm = 34.5441, GNorm = 6.1836, lr_0 = 4.9482e-04
Loss = 3.2671e-02, PNorm = 34.5461, GNorm = 5.8131, lr_0 = 4.9256e-04
Validation rmse = 0.848111
Epoch 10
Loss = 1.8520e-01, PNorm = 34.5621, GNorm = 5.5816, lr_0 = 4.7056e-04
Validation rmse = 1.029848
Epoch 11
Loss = 3.5133e-01, PNorm = 34.5778, GNorm = 12.0316, lr_0 = 4.4750e-04
Loss = 2.0384e-01, PNorm = 34.5937, GNorm = 0.7356, lr_0 = 4.2752e-04
Validation rmse = 0.850382
Epoch 12
Loss = 2.0231e-01, PNorm = 34.6104, GNorm = 5.6494, lr_0 = 4.0656e-04
Loss = 1.5603e-01, PNorm = 34.6244, GNorm = 2.7695, lr_0 = 3.8841e-04
Validation rmse = 0.782661
Epoch 13
Loss = 1.3009e-01, PNorm = 34.6361, GNorm = 0.5996, lr_0 = 3.6937e-04
Loss = 1.2281e-01, PNorm = 34.6476, GNorm = 0.6897, lr_0 = 3.5287e-04
Validation rmse = 0.787769
Epoch 14
Loss = 1.2174e-01, PNorm = 34.6592, GNorm = 1.3531, lr_0 = 3.3558e-04
Loss = 1.1755e-01, PNorm = 34.6694, GNorm = 0.5768, lr_0 = 3.2059e-04
Loss = 2.5208e-02, PNorm = 34.6701, GNorm = 3.0623, lr_0 = 3.1913e-04
Validation rmse = 0.754761
Epoch 15
Loss = 1.1718e-01, PNorm = 34.6782, GNorm = 0.6316, lr_0 = 3.0488e-04
Validation rmse = 0.805105
Epoch 16
Loss = 1.2141e-01, PNorm = 34.6875, GNorm = 4.4812, lr_0 = 2.8994e-04
Loss = 9.6117e-02, PNorm = 34.6949, GNorm = 1.3441, lr_0 = 2.7699e-04
Validation rmse = 0.716912
Epoch 17
Loss = 8.7379e-02, PNorm = 34.7052, GNorm = 0.6547, lr_0 = 2.6341e-04
Loss = 9.8038e-02, PNorm = 34.7127, GNorm = 2.0168, lr_0 = 2.5165e-04
Validation rmse = 0.726196
Epoch 18
Loss = 9.7977e-02, PNorm = 34.7208, GNorm = 1.1746, lr_0 = 2.3931e-04
Loss = 9.6221e-02, PNorm = 34.7284, GNorm = 3.1933, lr_0 = 2.2863e-04
Validation rmse = 0.704982
Epoch 19
Loss = 1.2156e-01, PNorm = 34.7354, GNorm = 1.5138, lr_0 = 2.1742e-04
Loss = 1.0435e-01, PNorm = 34.7430, GNorm = 2.6703, lr_0 = 2.0771e-04
Loss = 2.8177e-02, PNorm = 34.7438, GNorm = 4.9551, lr_0 = 2.0676e-04
Validation rmse = 0.709995
Epoch 20
Loss = 1.0015e-01, PNorm = 34.7507, GNorm = 3.3254, lr_0 = 1.9753e-04
Validation rmse = 0.718846
Epoch 21
Loss = 1.1286e-01, PNorm = 34.7569, GNorm = 1.7706, lr_0 = 1.8785e-04
Loss = 1.0388e-01, PNorm = 34.7628, GNorm = 1.9221, lr_0 = 1.7946e-04
Validation rmse = 0.758064
Epoch 22
Loss = 1.0916e-01, PNorm = 34.7674, GNorm = 0.7171, lr_0 = 1.7066e-04
Loss = 8.6932e-02, PNorm = 34.7726, GNorm = 0.7876, lr_0 = 1.6304e-04
Validation rmse = 0.702367
Epoch 23
Loss = 8.9944e-02, PNorm = 34.7779, GNorm = 2.4745, lr_0 = 1.5505e-04
Loss = 9.6979e-02, PNorm = 34.7824, GNorm = 1.5336, lr_0 = 1.4813e-04
Validation rmse = 0.705123
Epoch 24
Loss = 9.7025e-02, PNorm = 34.7868, GNorm = 0.5945, lr_0 = 1.4087e-04
Loss = 7.6953e-02, PNorm = 34.7901, GNorm = 1.4674, lr_0 = 1.3458e-04
Loss = 3.0488e-02, PNorm = 34.7906, GNorm = 4.9396, lr_0 = 1.3396e-04
Validation rmse = 0.702266
Epoch 25
Loss = 8.7525e-02, PNorm = 34.7956, GNorm = 0.5491, lr_0 = 1.2798e-04
Validation rmse = 0.753202
Epoch 26
Loss = 1.2832e-01, PNorm = 34.7999, GNorm = 5.5863, lr_0 = 1.2171e-04
Loss = 8.9601e-02, PNorm = 34.8038, GNorm = 2.6708, lr_0 = 1.1627e-04
Validation rmse = 0.723972
Epoch 27
Loss = 9.2001e-02, PNorm = 34.8071, GNorm = 2.3729, lr_0 = 1.1057e-04
Loss = 7.9385e-02, PNorm = 34.8104, GNorm = 1.5746, lr_0 = 1.0564e-04
Validation rmse = 0.703806
Epoch 28
Loss = 1.0352e-01, PNorm = 34.8137, GNorm = 3.0789, lr_0 = 1.0046e-04
Loss = 7.3323e-02, PNorm = 34.8177, GNorm = 1.2760, lr_0 = 1.0000e-04
Validation rmse = 0.685147
Epoch 29
Loss = 9.4810e-02, PNorm = 34.8218, GNorm = 3.2671, lr_0 = 1.0000e-04
Loss = 7.0988e-02, PNorm = 34.8247, GNorm = 1.8255, lr_0 = 1.0000e-04
Loss = 6.3423e-04, PNorm = 34.8250, GNorm = 0.4873, lr_0 = 1.0000e-04
Validation rmse = 0.674383
Model 0 best validation rmse = 0.674383 on epoch 29
Loading pretrained parameter "encoder.encoder.0.cached_zero_vector".
Loading pretrained parameter "encoder.encoder.0.W_i.weight".
Loading pretrained parameter "encoder.encoder.0.W_h.weight".
Loading pretrained parameter "encoder.encoder.0.W_o.weight".
Loading pretrained parameter "encoder.encoder.0.W_o.bias".
Loading pretrained parameter "ffn.1.weight".
Loading pretrained parameter "ffn.1.bias".
Loading pretrained parameter "ffn.4.weight".
Loading pretrained parameter "ffn.4.bias".
Model 0 test rmse = 0.910035
Ensemble test rmse = 0.910035
Fold 4
Splitting data with seed 4
Total size = 1,127 | train size = 901 | val size = 113 | test size = 113
Fitting scaler
Building model 0
MoleculeModel(
  (encoder): MPN(
    (encoder): ModuleList(
      (0): MPNEncoder(
        (dropout_layer): Dropout(p=0.0, inplace=False)
        (act_func): ReLU()
        (W_i): Linear(in_features=147, out_features=300, bias=False)
        (W_h): Linear(in_features=300, out_features=300, bias=False)
        (W_o): Linear(in_features=433, out_features=300, bias=True)
      )
    )
  )
  (ffn): Sequential(
    (0): Dropout(p=0.0, inplace=False)
    (1): Linear(in_features=300, out_features=300, bias=True)
    (2): ReLU()
    (3): Dropout(p=0.0, inplace=False)
    (4): Linear(in_features=300, out_features=1, bias=True)
  )
)
Number of parameters = 355,201
Epoch 0
Loss = 9.1758e-01, PNorm = 34.0154, GNorm = 7.5670, lr_0 = 3.7500e-04
Validation rmse = 1.734950
Epoch 1
Loss = 5.0790e-01, PNorm = 34.0410, GNorm = 3.0841, lr_0 = 6.5000e-04
Loss = 6.0277e-01, PNorm = 34.0808, GNorm = 5.8273, lr_0 = 9.0000e-04
Validation rmse = 1.620882
Epoch 2
Loss = 7.0355e-01, PNorm = 34.1259, GNorm = 4.7458, lr_0 = 9.6853e-04
Loss = 4.6806e-01, PNorm = 34.1626, GNorm = 5.7947, lr_0 = 9.2527e-04
Validation rmse = 1.588993
Epoch 3
Loss = 5.1092e-01, PNorm = 34.2010, GNorm = 0.8811, lr_0 = 8.7992e-04
Loss = 4.9217e-01, PNorm = 34.2422, GNorm = 2.9405, lr_0 = 8.4063e-04
Validation rmse = 1.240339
Epoch 4
Loss = 2.9070e-01, PNorm = 34.2842, GNorm = 2.6827, lr_0 = 7.9943e-04
Loss = 2.7328e-01, PNorm = 34.3220, GNorm = 3.5759, lr_0 = 7.6372e-04
Loss = 4.3286e-01, PNorm = 34.3252, GNorm = 14.4824, lr_0 = 7.6024e-04
Validation rmse = 1.274025
Epoch 5
Loss = 3.2587e-01, PNorm = 34.3568, GNorm = 3.9160, lr_0 = 7.2629e-04
Validation rmse = 1.349785
Epoch 6
Loss = 3.8690e-01, PNorm = 34.3875, GNorm = 8.1097, lr_0 = 6.9069e-04
Loss = 2.5391e-01, PNorm = 34.4154, GNorm = 4.6465, lr_0 = 6.5985e-04
Validation rmse = 0.947136
Epoch 7
Loss = 1.9890e-01, PNorm = 34.4480, GNorm = 3.0359, lr_0 = 6.2751e-04
Loss = 1.7578e-01, PNorm = 34.4690, GNorm = 2.6208, lr_0 = 5.9948e-04
Validation rmse = 0.822565
Epoch 8
Loss = 1.7670e-01, PNorm = 34.4915, GNorm = 1.1220, lr_0 = 5.7010e-04
Loss = 1.5203e-01, PNorm = 34.5122, GNorm = 2.4369, lr_0 = 5.4464e-04
Validation rmse = 0.911715
Epoch 9
Loss = 1.7079e-01, PNorm = 34.5294, GNorm = 3.2800, lr_0 = 5.1795e-04
Loss = 1.5404e-01, PNorm = 34.5467, GNorm = 0.7998, lr_0 = 4.9482e-04
Loss = 1.1564e-01, PNorm = 34.5483, GNorm = 8.4606, lr_0 = 4.9256e-04
Validation rmse = 1.024879
Epoch 10
Loss = 1.6899e-01, PNorm = 34.5645, GNorm = 0.6722, lr_0 = 4.7056e-04
Validation rmse = 0.914523
Epoch 11
Loss = 1.8118e-01, PNorm = 34.5826, GNorm = 5.2195, lr_0 = 4.4750e-04
Loss = 1.3623e-01, PNorm = 34.5999, GNorm = 2.3395, lr_0 = 4.2752e-04
Validation rmse = 0.758491
Epoch 12
Loss = 1.4506e-01, PNorm = 34.6138, GNorm = 1.6745, lr_0 = 4.0656e-04
Loss = 1.1106e-01, PNorm = 34.6249, GNorm = 1.3455, lr_0 = 3.8841e-04
Validation rmse = 1.001776
Epoch 13
Loss = 2.0054e-01, PNorm = 34.6463, GNorm = 4.2345, lr_0 = 3.6937e-04
Loss = 1.3959e-01, PNorm = 34.6634, GNorm = 2.4966, lr_0 = 3.5287e-04
Validation rmse = 0.812812
Epoch 14
Loss = 1.5803e-01, PNorm = 34.6764, GNorm = 3.4870, lr_0 = 3.3558e-04
Loss = 1.2515e-01, PNorm = 34.6855, GNorm = 1.6035, lr_0 = 3.2059e-04
Loss = 1.2086e-02, PNorm = 34.6863, GNorm = 5.1393, lr_0 = 3.1913e-04
Validation rmse = 0.681570
Epoch 15
Loss = 1.0893e-01, PNorm = 34.6944, GNorm = 0.9379, lr_0 = 3.0488e-04
Validation rmse = 0.727645
Epoch 16
Loss = 1.8092e-01, PNorm = 34.7007, GNorm = 7.9610, lr_0 = 2.8994e-04
Loss = 2.0596e-01, PNorm = 34.7045, GNorm = 1.1073, lr_0 = 2.7699e-04
Validation rmse = 0.833305
Epoch 17
Loss = 1.3704e-01, PNorm = 34.7152, GNorm = 0.8339, lr_0 = 2.6341e-04
Loss = 1.3353e-01, PNorm = 34.7229, GNorm = 1.1748, lr_0 = 2.5165e-04
Validation rmse = 0.739371
Epoch 18
Loss = 9.6004e-02, PNorm = 34.7301, GNorm = 2.1070, lr_0 = 2.3931e-04
Loss = 1.2491e-01, PNorm = 34.7360, GNorm = 0.9573, lr_0 = 2.2863e-04
Validation rmse = 0.728306
Epoch 19
Loss = 1.1311e-01, PNorm = 34.7413, GNorm = 2.6110, lr_0 = 2.1742e-04
Loss = 1.1505e-01, PNorm = 34.7474, GNorm = 0.9778, lr_0 = 2.0771e-04
Loss = 7.2942e-02, PNorm = 34.7479, GNorm = 6.8556, lr_0 = 2.0676e-04
Validation rmse = 0.678586
Epoch 20
Loss = 9.7980e-02, PNorm = 34.7539, GNorm = 0.5792, lr_0 = 1.9753e-04
Validation rmse = 0.643110
Epoch 21
Loss = 9.7977e-02, PNorm = 34.7600, GNorm = 1.9210, lr_0 = 1.8785e-04
Loss = 9.2189e-02, PNorm = 34.7652, GNorm = 1.2198, lr_0 = 1.7946e-04
Validation rmse = 0.704738
Epoch 22
Loss = 8.7205e-02, PNorm = 34.7708, GNorm = 2.0918, lr_0 = 1.7066e-04
Loss = 1.0642e-01, PNorm = 34.7750, GNorm = 1.0817, lr_0 = 1.6304e-04
Validation rmse = 0.631298
Epoch 23
Loss = 9.2667e-02, PNorm = 34.7797, GNorm = 1.6333, lr_0 = 1.5505e-04
Loss = 9.0283e-02, PNorm = 34.7843, GNorm = 1.1095, lr_0 = 1.4813e-04
Validation rmse = 0.625384
Epoch 24
Loss = 9.6001e-02, PNorm = 34.7890, GNorm = 1.5414, lr_0 = 1.4087e-04
Loss = 8.4051e-02, PNorm = 34.7926, GNorm = 2.2207, lr_0 = 1.3458e-04
Loss = 8.8831e-02, PNorm = 34.7928, GNorm = 9.8243, lr_0 = 1.3396e-04
Validation rmse = 0.633273
Epoch 25
Loss = 8.8907e-02, PNorm = 34.7958, GNorm = 1.1489, lr_0 = 1.2798e-04
Validation rmse = 0.616781
Epoch 26
Loss = 7.0379e-02, PNorm = 34.7988, GNorm = 0.7382, lr_0 = 1.2171e-04
Loss = 8.8814e-02, PNorm = 34.8020, GNorm = 2.0452, lr_0 = 1.1627e-04
Validation rmse = 0.611524
Epoch 27
Loss = 7.7376e-02, PNorm = 34.8062, GNorm = 2.3759, lr_0 = 1.1057e-04
Loss = 8.6180e-02, PNorm = 34.8095, GNorm = 1.0791, lr_0 = 1.0564e-04
Validation rmse = 0.628864
Epoch 28
Loss = 6.9677e-02, PNorm = 34.8131, GNorm = 0.7099, lr_0 = 1.0046e-04
Loss = 8.7830e-02, PNorm = 34.8163, GNorm = 0.9077, lr_0 = 1.0000e-04
Validation rmse = 0.646686
Epoch 29
Loss = 7.5088e-02, PNorm = 34.8204, GNorm = 0.7117, lr_0 = 1.0000e-04
Loss = 9.5542e-02, PNorm = 34.8224, GNorm = 4.1567, lr_0 = 1.0000e-04
Loss = 1.1372e-01, PNorm = 34.8226, GNorm = 9.4630, lr_0 = 1.0000e-04
Validation rmse = 0.626999
Model 0 best validation rmse = 0.611524 on epoch 26
Loading pretrained parameter "encoder.encoder.0.cached_zero_vector".
Loading pretrained parameter "encoder.encoder.0.W_i.weight".
Loading pretrained parameter "encoder.encoder.0.W_h.weight".
Loading pretrained parameter "encoder.encoder.0.W_o.weight".
Loading pretrained parameter "encoder.encoder.0.W_o.bias".
Loading pretrained parameter "ffn.1.weight".
Loading pretrained parameter "ffn.1.bias".
Loading pretrained parameter "ffn.4.weight".
Loading pretrained parameter "ffn.4.bias".
Model 0 test rmse = 0.633273
Ensemble test rmse = 0.633273
5-fold cross validation
	Seed 0 ==> test rmse = 0.681372
	Seed 1 ==> test rmse = 0.741942
	Seed 2 ==> test rmse = 0.609411
	Seed 3 ==> test rmse = 0.910035
	Seed 4 ==> test rmse = 0.633273
Overall test rmse = 0.715207 +/- 0.107446
Elapsed time = 0:09:26
