Command line
python c:\Users\cz400\Desktop\Projects\lbl-sol\_lbl-sol\Scripts\chemprop_train --data_path ../data/raw/huuskonen.csv --dataset_type regression --num_folds 5 --save_dir models/RUN3
Args
{'activation': 'ReLU',
 'adding_h': False,
 'aggregation': 'mean',
 'aggregation_norm': 100,
 'atom_descriptor_scaling': True,
 'atom_descriptors': None,
 'atom_descriptors_path': None,
 'atom_descriptors_size': 0,
 'atom_features_size': 0,
 'atom_messages': False,
 'batch_size': 50,
 'bias': False,
 'bias_solvent': False,
 'bond_feature_scaling': True,
 'bond_features_path': None,
 'bond_features_size': 0,
 'cache_cutoff': 10000,
 'checkpoint_dir': None,
 'checkpoint_frzn': None,
 'checkpoint_path': None,
 'checkpoint_paths': None,
 'class_balance': False,
 'config_path': None,
 'crossval_index_dir': None,
 'crossval_index_file': None,
 'crossval_index_sets': None,
 'cuda': False,
 'data_path': '../data/raw/huuskonen.csv',
 'data_weights_path': None,
 'dataset_type': 'regression',
 'depth': 3,
 'depth_solvent': 3,
 'device': device(type='cpu'),
 'dropout': 0.0,
 'empty_cache': False,
 'ensemble_size': 1,
 'epochs': 30,
 'evidential_regularization': 0,
 'explicit_h': False,
 'extra_metrics': [],
 'features_generator': None,
 'features_only': False,
 'features_path': None,
 'features_scaling': True,
 'features_size': None,
 'ffn_hidden_size': 300,
 'ffn_num_layers': 2,
 'final_lr': 0.0001,
 'folds_file': None,
 'freeze_first_only': False,
 'frzn_ffn_layers': 0,
 'gpu': None,
 'grad_clip': None,
 'hidden_size': 300,
 'hidden_size_solvent': 300,
 'ignore_columns': None,
 'init_lr': 0.0001,
 'log_frequency': 10,
 'loss_function': 'mse',
 'max_data_size': None,
 'max_lr': 0.001,
 'metric': 'rmse',
 'metrics': ['rmse'],
 'minimize_score': True,
 'mpn_shared': False,
 'multiclass_num_classes': 3,
 'no_atom_descriptor_scaling': False,
 'no_bond_features_scaling': False,
 'no_cache_mol': False,
 'no_cuda': False,
 'no_features_scaling': False,
 'num_folds': 5,
 'num_lrs': 1,
 'num_tasks': 1,
 'num_workers': 8,
 'number_of_molecules': 1,
 'overwrite_default_atom_features': False,
 'overwrite_default_bond_features': False,
 'phase_features_path': None,
 'pytorch_seed': 0,
 'quiet': False,
 'reaction': False,
 'reaction_mode': 'reac_diff',
 'reaction_solvent': False,
 'resume_experiment': False,
 'save_dir': 'models/RUN3',
 'save_preds': False,
 'save_smiles_splits': False,
 'seed': 0,
 'separate_test_atom_descriptors_path': None,
 'separate_test_bond_features_path': None,
 'separate_test_features_path': None,
 'separate_test_path': None,
 'separate_test_phase_features_path': None,
 'separate_val_atom_descriptors_path': None,
 'separate_val_bond_features_path': None,
 'separate_val_features_path': None,
 'separate_val_path': None,
 'separate_val_phase_features_path': None,
 'show_individual_scores': False,
 'smiles_columns': ['SMILES'],
 'spectra_activation': 'exp',
 'spectra_phase_mask_path': None,
 'spectra_target_floor': 1e-08,
 'split_key_molecule': 0,
 'split_sizes': [0.8, 0.1, 0.1],
 'split_type': 'random',
 'target_columns': None,
 'target_weights': None,
 'task_names': ['logP'],
 'test': False,
 'test_fold_index': None,
 'train_data_size': None,
 'undirected': False,
 'use_input_features': False,
 'val_fold_index': None,
 'warmup_epochs': 2.0}
Setting molecule featurization parameters to default.
Loading data
Number of tasks = 1
Fold 0
Splitting data with seed 0
Total size = 1,282 | train size = 1,025 | val size = 128 | test size = 129
Fitting scaler
Building model 0
MoleculeModel(
  (encoder): MPN(
    (encoder): ModuleList(
      (0): MPNEncoder(
        (dropout_layer): Dropout(p=0.0, inplace=False)
        (act_func): ReLU()
        (W_i): Linear(in_features=147, out_features=300, bias=False)
        (W_h): Linear(in_features=300, out_features=300, bias=False)
        (W_o): Linear(in_features=433, out_features=300, bias=True)
      )
    )
  )
  (ffn): Sequential(
    (0): Dropout(p=0.0, inplace=False)
    (1): Linear(in_features=300, out_features=300, bias=True)
    (2): ReLU()
    (3): Dropout(p=0.0, inplace=False)
    (4): Linear(in_features=300, out_features=1, bias=True)
  )
)
Number of parameters = 355,201
Epoch 0
Loss = 9.1822e-01, PNorm = 34.0164, GNorm = 2.0119, lr_0 = 3.4750e-04
Loss = 6.2569e-01, PNorm = 34.0403, GNorm = 4.5277, lr_0 = 5.7250e-04
Loss = 4.0068e-01, PNorm = 34.0437, GNorm = 2.5133, lr_0 = 5.9500e-04
Validation rmse = 1.559911
Epoch 1
Loss = 5.3145e-01, PNorm = 34.0757, GNorm = 5.2283, lr_0 = 8.2000e-04
Loss = 4.1813e-01, PNorm = 34.1157, GNorm = 2.4678, lr_0 = 9.9181e-04
Validation rmse = 1.405296
Epoch 2
Loss = 3.4184e-01, PNorm = 34.1619, GNorm = 2.5720, lr_0 = 9.5186e-04
Loss = 3.2083e-01, PNorm = 34.2004, GNorm = 4.8279, lr_0 = 9.1351e-04
Validation rmse = 1.139622
Epoch 3
Loss = 2.5217e-01, PNorm = 34.2373, GNorm = 3.0340, lr_0 = 8.7311e-04
Loss = 2.4651e-01, PNorm = 34.2782, GNorm = 1.2348, lr_0 = 8.3794e-04
Validation rmse = 0.934945
Epoch 4
Loss = 1.9178e-01, PNorm = 34.3096, GNorm = 0.9610, lr_0 = 8.0419e-04
Loss = 1.7263e-01, PNorm = 34.3425, GNorm = 3.0521, lr_0 = 7.7179e-04
Validation rmse = 0.847615
Epoch 5
Loss = 1.4673e-01, PNorm = 34.3758, GNorm = 1.5062, lr_0 = 7.3766e-04
Loss = 1.8241e-01, PNorm = 34.4048, GNorm = 3.9685, lr_0 = 7.0795e-04
Validation rmse = 0.884853
Epoch 6
Loss = 1.8020e-01, PNorm = 34.4279, GNorm = 7.7707, lr_0 = 6.7943e-04
Loss = 1.4258e-01, PNorm = 34.4509, GNorm = 4.3691, lr_0 = 6.5206e-04
Validation rmse = 0.746091
Epoch 7
Loss = 1.0815e-01, PNorm = 34.4741, GNorm = 0.6363, lr_0 = 6.2322e-04
Loss = 1.3855e-01, PNorm = 34.4946, GNorm = 2.1364, lr_0 = 5.9812e-04
Validation rmse = 0.732390
Epoch 8
Loss = 1.1842e-01, PNorm = 34.5138, GNorm = 2.4973, lr_0 = 5.7402e-04
Loss = 1.0429e-01, PNorm = 34.5313, GNorm = 1.6670, lr_0 = 5.5090e-04
Validation rmse = 0.647319
Epoch 9
Loss = 1.0796e-01, PNorm = 34.5492, GNorm = 2.1812, lr_0 = 5.2654e-04
Loss = 9.4537e-02, PNorm = 34.5664, GNorm = 1.1259, lr_0 = 5.0533e-04
Validation rmse = 0.758662
Epoch 10
Loss = 1.0499e-01, PNorm = 34.5807, GNorm = 1.2372, lr_0 = 4.8497e-04
Loss = 9.3041e-02, PNorm = 34.5958, GNorm = 1.9094, lr_0 = 4.6543e-04
Validation rmse = 0.690580
Epoch 11
Loss = 9.3448e-02, PNorm = 34.6113, GNorm = 3.7065, lr_0 = 4.4485e-04
Loss = 1.0321e-01, PNorm = 34.6260, GNorm = 3.4541, lr_0 = 4.2693e-04
Validation rmse = 0.626714
Epoch 12
Loss = 8.3124e-02, PNorm = 34.6413, GNorm = 2.0695, lr_0 = 4.0973e-04
Loss = 1.0936e-01, PNorm = 34.6555, GNorm = 0.9561, lr_0 = 3.9323e-04
Validation rmse = 0.616464
Epoch 13
Loss = 8.2715e-02, PNorm = 34.6679, GNorm = 1.2615, lr_0 = 3.7584e-04
Loss = 8.8996e-02, PNorm = 34.6820, GNorm = 1.5060, lr_0 = 3.6070e-04
Validation rmse = 0.632906
Epoch 14
Loss = 9.4871e-02, PNorm = 34.6930, GNorm = 4.2634, lr_0 = 3.4617e-04
Loss = 8.1704e-02, PNorm = 34.7034, GNorm = 0.9617, lr_0 = 3.3222e-04
Validation rmse = 0.605965
Epoch 15
Loss = 8.8411e-02, PNorm = 34.7176, GNorm = 0.8923, lr_0 = 3.1753e-04
Loss = 7.5051e-02, PNorm = 34.7270, GNorm = 2.4800, lr_0 = 3.0474e-04
Validation rmse = 0.664321
Epoch 16
Loss = 9.8400e-02, PNorm = 34.7361, GNorm = 3.0492, lr_0 = 2.9246e-04
Loss = 8.5503e-02, PNorm = 34.7486, GNorm = 1.8697, lr_0 = 2.8068e-04
Validation rmse = 0.656848
Epoch 17
Loss = 9.8082e-02, PNorm = 34.7578, GNorm = 5.0765, lr_0 = 2.6827e-04
Loss = 7.5522e-02, PNorm = 34.7671, GNorm = 2.4449, lr_0 = 2.5746e-04
Validation rmse = 0.617920
Epoch 18
Loss = 8.0348e-02, PNorm = 34.7757, GNorm = 3.1112, lr_0 = 2.4709e-04
Loss = 7.3971e-02, PNorm = 34.7844, GNorm = 0.9685, lr_0 = 2.3714e-04
Validation rmse = 0.631766
Epoch 19
Loss = 9.6176e-02, PNorm = 34.7952, GNorm = 2.4418, lr_0 = 2.2665e-04
Loss = 8.7913e-02, PNorm = 34.8031, GNorm = 4.6935, lr_0 = 2.1752e-04
Loss = 7.2377e-02, PNorm = 34.8106, GNorm = 3.0571, lr_0 = 2.0876e-04
Validation rmse = 0.619491
Epoch 20
Loss = 6.2854e-02, PNorm = 34.8176, GNorm = 0.8284, lr_0 = 2.0035e-04
Loss = 6.8919e-02, PNorm = 34.8253, GNorm = 2.2160, lr_0 = 1.9228e-04
Loss = 4.5817e-02, PNorm = 34.8260, GNorm = 1.6759, lr_0 = 1.9149e-04
Validation rmse = 0.588723
Epoch 21
Loss = 6.1405e-02, PNorm = 34.8322, GNorm = 0.9660, lr_0 = 1.8377e-04
Loss = 6.7195e-02, PNorm = 34.8391, GNorm = 0.4799, lr_0 = 1.7637e-04
Validation rmse = 0.609011
Epoch 22
Loss = 6.8780e-02, PNorm = 34.8458, GNorm = 2.8645, lr_0 = 1.6927e-04
Loss = 6.0644e-02, PNorm = 34.8519, GNorm = 0.7498, lr_0 = 1.6245e-04
Validation rmse = 0.574400
Epoch 23
Loss = 5.6442e-02, PNorm = 34.8584, GNorm = 1.9335, lr_0 = 1.5526e-04
Loss = 6.1614e-02, PNorm = 34.8645, GNorm = 2.1545, lr_0 = 1.4901e-04
Validation rmse = 0.576731
Epoch 24
Loss = 5.9962e-02, PNorm = 34.8690, GNorm = 0.6070, lr_0 = 1.4301e-04
Loss = 6.2021e-02, PNorm = 34.8749, GNorm = 1.2437, lr_0 = 1.3725e-04
Validation rmse = 0.560065
Epoch 25
Loss = 5.6334e-02, PNorm = 34.8801, GNorm = 1.9768, lr_0 = 1.3118e-04
Loss = 6.4520e-02, PNorm = 34.8850, GNorm = 0.4623, lr_0 = 1.2589e-04
Validation rmse = 0.592854
Epoch 26
Loss = 5.5920e-02, PNorm = 34.8901, GNorm = 2.3348, lr_0 = 1.2082e-04
Loss = 5.5627e-02, PNorm = 34.8947, GNorm = 2.6002, lr_0 = 1.1595e-04
Validation rmse = 0.559083
Epoch 27
Loss = 5.9828e-02, PNorm = 34.9004, GNorm = 0.7695, lr_0 = 1.1083e-04
Loss = 5.9961e-02, PNorm = 34.9043, GNorm = 2.4350, lr_0 = 1.0636e-04
Validation rmse = 0.576327
Epoch 28
Loss = 6.1490e-02, PNorm = 34.9076, GNorm = 2.3933, lr_0 = 1.0208e-04
Loss = 5.4650e-02, PNorm = 34.9117, GNorm = 2.4798, lr_0 = 1.0000e-04
Validation rmse = 0.555980
Epoch 29
Loss = 6.1288e-02, PNorm = 34.9156, GNorm = 1.4337, lr_0 = 1.0000e-04
Loss = 5.8076e-02, PNorm = 34.9198, GNorm = 2.4016, lr_0 = 1.0000e-04
Validation rmse = 0.564930
Model 0 best validation rmse = 0.555980 on epoch 28
Loading pretrained parameter "encoder.encoder.0.cached_zero_vector".
Loading pretrained parameter "encoder.encoder.0.W_i.weight".
Loading pretrained parameter "encoder.encoder.0.W_h.weight".
Loading pretrained parameter "encoder.encoder.0.W_o.weight".
Loading pretrained parameter "encoder.encoder.0.W_o.bias".
Loading pretrained parameter "ffn.1.weight".
Loading pretrained parameter "ffn.1.bias".
Loading pretrained parameter "ffn.4.weight".
Loading pretrained parameter "ffn.4.bias".
Model 0 test rmse = 0.595471
Ensemble test rmse = 0.595471
Fold 1
Splitting data with seed 1
Total size = 1,282 | train size = 1,025 | val size = 128 | test size = 129
Fitting scaler
Building model 0
MoleculeModel(
  (encoder): MPN(
    (encoder): ModuleList(
      (0): MPNEncoder(
        (dropout_layer): Dropout(p=0.0, inplace=False)
        (act_func): ReLU()
        (W_i): Linear(in_features=147, out_features=300, bias=False)
        (W_h): Linear(in_features=300, out_features=300, bias=False)
        (W_o): Linear(in_features=433, out_features=300, bias=True)
      )
    )
  )
  (ffn): Sequential(
    (0): Dropout(p=0.0, inplace=False)
    (1): Linear(in_features=300, out_features=300, bias=True)
    (2): ReLU()
    (3): Dropout(p=0.0, inplace=False)
    (4): Linear(in_features=300, out_features=1, bias=True)
  )
)
Number of parameters = 355,201
Epoch 0
Loss = 9.2803e-01, PNorm = 34.0151, GNorm = 2.7733, lr_0 = 3.4750e-04
Loss = 5.3963e-01, PNorm = 34.0464, GNorm = 3.4015, lr_0 = 5.7250e-04
Loss = 4.0997e-01, PNorm = 34.0502, GNorm = 7.0091, lr_0 = 5.9500e-04
Validation rmse = 1.791484
Epoch 1
Loss = 5.8219e-01, PNorm = 34.0751, GNorm = 6.2957, lr_0 = 8.2000e-04
Loss = 3.6254e-01, PNorm = 34.1110, GNorm = 2.7790, lr_0 = 9.9181e-04
Validation rmse = 1.129851
Epoch 2
Loss = 3.4353e-01, PNorm = 34.1560, GNorm = 8.5640, lr_0 = 9.5186e-04
Loss = 3.0502e-01, PNorm = 34.1924, GNorm = 2.5916, lr_0 = 9.1351e-04
Validation rmse = 0.976546
Epoch 3
Loss = 3.0869e-01, PNorm = 34.2270, GNorm = 5.2041, lr_0 = 8.7311e-04
Loss = 2.4319e-01, PNorm = 34.2634, GNorm = 2.2984, lr_0 = 8.3794e-04
Validation rmse = 0.888365
Epoch 4
Loss = 1.8304e-01, PNorm = 34.3011, GNorm = 1.9233, lr_0 = 8.0419e-04
Loss = 1.9996e-01, PNorm = 34.3325, GNorm = 1.8189, lr_0 = 7.7179e-04
Validation rmse = 0.808594
Epoch 5
Loss = 1.4561e-01, PNorm = 34.3694, GNorm = 1.1244, lr_0 = 7.3766e-04
Loss = 1.6121e-01, PNorm = 34.3951, GNorm = 3.0871, lr_0 = 7.0795e-04
Validation rmse = 0.710713
Epoch 6
Loss = 1.4758e-01, PNorm = 34.4225, GNorm = 4.0574, lr_0 = 6.7943e-04
Loss = 1.6730e-01, PNorm = 34.4438, GNorm = 4.3781, lr_0 = 6.5206e-04
Validation rmse = 0.926599
Epoch 7
Loss = 1.6315e-01, PNorm = 34.4680, GNorm = 3.9120, lr_0 = 6.2322e-04
Loss = 1.4690e-01, PNorm = 34.4909, GNorm = 2.5108, lr_0 = 5.9812e-04
Validation rmse = 0.756579
Epoch 8
Loss = 1.1858e-01, PNorm = 34.5106, GNorm = 1.9292, lr_0 = 5.7402e-04
Loss = 1.1265e-01, PNorm = 34.5285, GNorm = 1.9373, lr_0 = 5.5090e-04
Validation rmse = 0.720391
Epoch 9
Loss = 1.0056e-01, PNorm = 34.5456, GNorm = 1.8021, lr_0 = 5.2654e-04
Loss = 1.1047e-01, PNorm = 34.5623, GNorm = 2.7933, lr_0 = 5.0533e-04
Validation rmse = 0.665246
Epoch 10
Loss = 1.0706e-01, PNorm = 34.5762, GNorm = 3.7579, lr_0 = 4.8497e-04
Loss = 1.0633e-01, PNorm = 34.5880, GNorm = 2.5170, lr_0 = 4.6543e-04
Validation rmse = 0.658051
Epoch 11
Loss = 7.6999e-02, PNorm = 34.6038, GNorm = 2.0026, lr_0 = 4.4485e-04
Loss = 1.1455e-01, PNorm = 34.6157, GNorm = 1.2104, lr_0 = 4.2693e-04
Validation rmse = 0.649799
Epoch 12
Loss = 1.0645e-01, PNorm = 34.6288, GNorm = 5.8417, lr_0 = 4.0973e-04
Loss = 9.7527e-02, PNorm = 34.6421, GNorm = 4.2902, lr_0 = 3.9323e-04
Validation rmse = 0.670509
Epoch 13
Loss = 9.1763e-02, PNorm = 34.6546, GNorm = 0.9858, lr_0 = 3.7584e-04
Loss = 9.5997e-02, PNorm = 34.6664, GNorm = 2.4955, lr_0 = 3.6070e-04
Validation rmse = 0.637519
Epoch 14
Loss = 8.9347e-02, PNorm = 34.6793, GNorm = 0.7245, lr_0 = 3.4617e-04
Loss = 8.1097e-02, PNorm = 34.6910, GNorm = 2.5580, lr_0 = 3.3222e-04
Validation rmse = 0.727896
Epoch 15
Loss = 9.0261e-02, PNorm = 34.7040, GNorm = 3.7690, lr_0 = 3.1753e-04
Loss = 9.4798e-02, PNorm = 34.7158, GNorm = 5.1694, lr_0 = 3.0474e-04
Validation rmse = 0.681174
Epoch 16
Loss = 1.0367e-01, PNorm = 34.7257, GNorm = 5.0864, lr_0 = 2.9246e-04
Loss = 9.4562e-02, PNorm = 34.7377, GNorm = 0.9053, lr_0 = 2.8068e-04
Validation rmse = 0.647514
Epoch 17
Loss = 9.1046e-02, PNorm = 34.7466, GNorm = 1.2736, lr_0 = 2.6827e-04
Loss = 7.3949e-02, PNorm = 34.7558, GNorm = 0.9610, lr_0 = 2.5746e-04
Validation rmse = 0.623005
Epoch 18
Loss = 5.2814e-02, PNorm = 34.7655, GNorm = 0.5112, lr_0 = 2.4709e-04
Loss = 7.0486e-02, PNorm = 34.7739, GNorm = 2.5918, lr_0 = 2.3714e-04
Validation rmse = 0.652876
Epoch 19
Loss = 8.0692e-02, PNorm = 34.7852, GNorm = 1.5947, lr_0 = 2.2665e-04
Loss = 7.5740e-02, PNorm = 34.7937, GNorm = 1.2256, lr_0 = 2.1752e-04
Loss = 6.6641e-02, PNorm = 34.8027, GNorm = 1.5261, lr_0 = 2.0876e-04
Validation rmse = 0.618790
Epoch 20
Loss = 6.2942e-02, PNorm = 34.8113, GNorm = 0.8090, lr_0 = 2.0035e-04
Loss = 7.1799e-02, PNorm = 34.8189, GNorm = 2.0986, lr_0 = 1.9228e-04
Loss = 6.1677e-02, PNorm = 34.8195, GNorm = 1.5507, lr_0 = 1.9149e-04
Validation rmse = 0.614631
Epoch 21
Loss = 6.7500e-02, PNorm = 34.8269, GNorm = 0.7436, lr_0 = 1.8377e-04
Loss = 6.3071e-02, PNorm = 34.8338, GNorm = 0.6701, lr_0 = 1.7637e-04
Validation rmse = 0.612457
Epoch 22
Loss = 6.4088e-02, PNorm = 34.8414, GNorm = 0.9931, lr_0 = 1.6927e-04
Loss = 6.3222e-02, PNorm = 34.8477, GNorm = 1.1156, lr_0 = 1.6245e-04
Validation rmse = 0.629373
Epoch 23
Loss = 6.1479e-02, PNorm = 34.8558, GNorm = 1.5114, lr_0 = 1.5526e-04
Loss = 6.5413e-02, PNorm = 34.8616, GNorm = 3.4137, lr_0 = 1.4901e-04
Validation rmse = 0.614041
Epoch 24
Loss = 6.1612e-02, PNorm = 34.8686, GNorm = 2.1086, lr_0 = 1.4301e-04
Loss = 6.7259e-02, PNorm = 34.8751, GNorm = 1.6265, lr_0 = 1.3725e-04
Validation rmse = 0.604931
Epoch 25
Loss = 5.6452e-02, PNorm = 34.8802, GNorm = 2.0243, lr_0 = 1.3118e-04
Loss = 6.1531e-02, PNorm = 34.8858, GNorm = 3.1831, lr_0 = 1.2589e-04
Validation rmse = 0.662577
Epoch 26
Loss = 5.9029e-02, PNorm = 34.8916, GNorm = 1.9894, lr_0 = 1.2082e-04
Loss = 6.0505e-02, PNorm = 34.8964, GNorm = 0.7254, lr_0 = 1.1595e-04
Validation rmse = 0.627419
Epoch 27
Loss = 6.2893e-02, PNorm = 34.9022, GNorm = 1.5388, lr_0 = 1.1083e-04
Loss = 5.7086e-02, PNorm = 34.9066, GNorm = 1.6881, lr_0 = 1.0636e-04
Validation rmse = 0.611759
Epoch 28
Loss = 6.2272e-02, PNorm = 34.9115, GNorm = 0.9005, lr_0 = 1.0208e-04
Loss = 5.6026e-02, PNorm = 34.9162, GNorm = 1.7408, lr_0 = 1.0000e-04
Validation rmse = 0.603080
Epoch 29
Loss = 5.9570e-02, PNorm = 34.9208, GNorm = 1.1945, lr_0 = 1.0000e-04
Loss = 6.0069e-02, PNorm = 34.9253, GNorm = 2.8652, lr_0 = 1.0000e-04
Validation rmse = 0.586923
Model 0 best validation rmse = 0.586923 on epoch 29
Loading pretrained parameter "encoder.encoder.0.cached_zero_vector".
Loading pretrained parameter "encoder.encoder.0.W_i.weight".
Loading pretrained parameter "encoder.encoder.0.W_h.weight".
Loading pretrained parameter "encoder.encoder.0.W_o.weight".
Loading pretrained parameter "encoder.encoder.0.W_o.bias".
Loading pretrained parameter "ffn.1.weight".
Loading pretrained parameter "ffn.1.bias".
Loading pretrained parameter "ffn.4.weight".
Loading pretrained parameter "ffn.4.bias".
Model 0 test rmse = 0.682790
Ensemble test rmse = 0.682790
Fold 2
Splitting data with seed 2
Total size = 1,282 | train size = 1,025 | val size = 128 | test size = 129
Fitting scaler
Building model 0
MoleculeModel(
  (encoder): MPN(
    (encoder): ModuleList(
      (0): MPNEncoder(
        (dropout_layer): Dropout(p=0.0, inplace=False)
        (act_func): ReLU()
        (W_i): Linear(in_features=147, out_features=300, bias=False)
        (W_h): Linear(in_features=300, out_features=300, bias=False)
        (W_o): Linear(in_features=433, out_features=300, bias=True)
      )
    )
  )
  (ffn): Sequential(
    (0): Dropout(p=0.0, inplace=False)
    (1): Linear(in_features=300, out_features=300, bias=True)
    (2): ReLU()
    (3): Dropout(p=0.0, inplace=False)
    (4): Linear(in_features=300, out_features=1, bias=True)
  )
)
Number of parameters = 355,201
Epoch 0
Loss = 9.2696e-01, PNorm = 34.0138, GNorm = 1.1511, lr_0 = 3.4750e-04
Loss = 6.4080e-01, PNorm = 34.0402, GNorm = 5.2312, lr_0 = 5.7250e-04
Loss = 8.8422e-01, PNorm = 34.0429, GNorm = 15.7327, lr_0 = 5.9500e-04
Validation rmse = 1.729591
Epoch 1
Loss = 4.3670e-01, PNorm = 34.0770, GNorm = 5.3005, lr_0 = 8.2000e-04
Loss = 3.4328e-01, PNorm = 34.1153, GNorm = 1.4177, lr_0 = 9.9181e-04
Validation rmse = 1.129520
Epoch 2
Loss = 3.4804e-01, PNorm = 34.1567, GNorm = 12.4036, lr_0 = 9.5186e-04
Loss = 3.6862e-01, PNorm = 34.1898, GNorm = 4.8463, lr_0 = 9.1351e-04
Validation rmse = 1.095667
Epoch 3
Loss = 2.4766e-01, PNorm = 34.2334, GNorm = 7.1169, lr_0 = 8.7311e-04
Loss = 2.1464e-01, PNorm = 34.2727, GNorm = 1.6372, lr_0 = 8.3794e-04
Validation rmse = 0.992802
Epoch 4
Loss = 1.6566e-01, PNorm = 34.3047, GNorm = 2.3871, lr_0 = 8.0419e-04
Loss = 1.9317e-01, PNorm = 34.3386, GNorm = 7.3816, lr_0 = 7.7179e-04
Validation rmse = 0.964467
Epoch 5
Loss = 1.5720e-01, PNorm = 34.3673, GNorm = 3.3343, lr_0 = 7.3766e-04
Loss = 1.4768e-01, PNorm = 34.3948, GNorm = 3.0305, lr_0 = 7.0795e-04
Validation rmse = 1.046050
Epoch 6
Loss = 1.7101e-01, PNorm = 34.4158, GNorm = 4.8350, lr_0 = 6.7943e-04
Loss = 1.5905e-01, PNorm = 34.4359, GNorm = 3.8125, lr_0 = 6.5206e-04
Validation rmse = 0.820459
Epoch 7
Loss = 1.2936e-01, PNorm = 34.4569, GNorm = 2.0222, lr_0 = 6.2322e-04
Loss = 1.2357e-01, PNorm = 34.4762, GNorm = 4.6669, lr_0 = 5.9812e-04
Validation rmse = 0.813675
Epoch 8
Loss = 1.3314e-01, PNorm = 34.4941, GNorm = 5.5550, lr_0 = 5.7402e-04
Loss = 1.1148e-01, PNorm = 34.5114, GNorm = 4.8736, lr_0 = 5.5090e-04
Validation rmse = 0.830235
Epoch 9
Loss = 9.4324e-02, PNorm = 34.5265, GNorm = 3.6436, lr_0 = 5.2654e-04
Loss = 1.0965e-01, PNorm = 34.5412, GNorm = 2.7280, lr_0 = 5.0533e-04
Validation rmse = 0.801947
Epoch 10
Loss = 7.5544e-02, PNorm = 34.5552, GNorm = 0.6876, lr_0 = 4.8497e-04
Loss = 1.1056e-01, PNorm = 34.5675, GNorm = 4.6588, lr_0 = 4.6543e-04
Validation rmse = 0.924882
Epoch 11
Loss = 1.3760e-01, PNorm = 34.5839, GNorm = 6.1166, lr_0 = 4.4485e-04
Loss = 9.8748e-02, PNorm = 34.5985, GNorm = 1.0594, lr_0 = 4.2693e-04
Validation rmse = 0.753393
Epoch 12
Loss = 8.2425e-02, PNorm = 34.6126, GNorm = 0.8980, lr_0 = 4.0973e-04
Loss = 9.1342e-02, PNorm = 34.6250, GNorm = 0.7703, lr_0 = 3.9323e-04
Validation rmse = 0.757038
Epoch 13
Loss = 7.0204e-02, PNorm = 34.6403, GNorm = 0.9452, lr_0 = 3.7584e-04
Loss = 9.8850e-02, PNorm = 34.6529, GNorm = 1.3261, lr_0 = 3.6070e-04
Validation rmse = 0.807550
Epoch 14
Loss = 6.7457e-02, PNorm = 34.6620, GNorm = 1.8901, lr_0 = 3.4617e-04
Loss = 8.2768e-02, PNorm = 34.6716, GNorm = 2.2125, lr_0 = 3.3222e-04
Validation rmse = 0.830365
Epoch 15
Loss = 9.7697e-02, PNorm = 34.6842, GNorm = 3.7271, lr_0 = 3.1753e-04
Loss = 7.8725e-02, PNorm = 34.6955, GNorm = 1.1441, lr_0 = 3.0474e-04
Validation rmse = 0.722391
Epoch 16
Loss = 7.5304e-02, PNorm = 34.7073, GNorm = 1.4153, lr_0 = 2.9246e-04
Loss = 6.8081e-02, PNorm = 34.7177, GNorm = 1.8201, lr_0 = 2.8068e-04
Validation rmse = 0.748889
Epoch 17
Loss = 6.0369e-02, PNorm = 34.7305, GNorm = 2.1273, lr_0 = 2.6827e-04
Loss = 6.4535e-02, PNorm = 34.7399, GNorm = 3.6328, lr_0 = 2.5746e-04
Validation rmse = 0.725144
Epoch 18
Loss = 7.4978e-02, PNorm = 34.7502, GNorm = 1.7182, lr_0 = 2.4709e-04
Loss = 7.5579e-02, PNorm = 34.7594, GNorm = 5.5815, lr_0 = 2.3714e-04
Validation rmse = 0.719726
Epoch 19
Loss = 4.7081e-02, PNorm = 34.7683, GNorm = 1.1445, lr_0 = 2.2665e-04
Loss = 6.9113e-02, PNorm = 34.7763, GNorm = 1.1242, lr_0 = 2.1752e-04
Loss = 7.1318e-02, PNorm = 34.7856, GNorm = 0.9433, lr_0 = 2.0876e-04
Validation rmse = 0.768969
Epoch 20
Loss = 6.4739e-02, PNorm = 34.7928, GNorm = 1.3738, lr_0 = 2.0035e-04
Loss = 6.6170e-02, PNorm = 34.8013, GNorm = 0.9884, lr_0 = 1.9228e-04
Loss = 6.8795e-02, PNorm = 34.8020, GNorm = 0.9970, lr_0 = 1.9149e-04
Validation rmse = 0.707720
Epoch 21
Loss = 6.6148e-02, PNorm = 34.8100, GNorm = 0.8340, lr_0 = 1.8377e-04
Loss = 6.3658e-02, PNorm = 34.8174, GNorm = 0.9905, lr_0 = 1.7637e-04
Validation rmse = 0.716351
Epoch 22
Loss = 5.7799e-02, PNorm = 34.8246, GNorm = 1.0431, lr_0 = 1.6927e-04
Loss = 6.2633e-02, PNorm = 34.8317, GNorm = 1.3433, lr_0 = 1.6245e-04
Validation rmse = 0.700424
Epoch 23
Loss = 6.3579e-02, PNorm = 34.8397, GNorm = 0.8899, lr_0 = 1.5526e-04
Loss = 5.4785e-02, PNorm = 34.8462, GNorm = 1.0620, lr_0 = 1.4901e-04
Validation rmse = 0.699310
Epoch 24
Loss = 6.0680e-02, PNorm = 34.8517, GNorm = 2.3213, lr_0 = 1.4301e-04
Loss = 5.5733e-02, PNorm = 34.8577, GNorm = 1.6187, lr_0 = 1.3725e-04
Validation rmse = 0.707098
Epoch 25
Loss = 5.2945e-02, PNorm = 34.8644, GNorm = 2.2249, lr_0 = 1.3118e-04
Loss = 6.7190e-02, PNorm = 34.8699, GNorm = 1.5807, lr_0 = 1.2589e-04
Validation rmse = 0.709365
Epoch 26
Loss = 6.4642e-02, PNorm = 34.8751, GNorm = 0.5757, lr_0 = 1.2082e-04
Loss = 5.6781e-02, PNorm = 34.8806, GNorm = 1.3584, lr_0 = 1.1595e-04
Validation rmse = 0.689673
Epoch 27
Loss = 5.7450e-02, PNorm = 34.8860, GNorm = 0.9359, lr_0 = 1.1083e-04
Loss = 5.2245e-02, PNorm = 34.8902, GNorm = 0.4811, lr_0 = 1.0636e-04
Validation rmse = 0.721875
Epoch 28
Loss = 5.7928e-02, PNorm = 34.8950, GNorm = 1.1820, lr_0 = 1.0208e-04
Loss = 5.2676e-02, PNorm = 34.8992, GNorm = 1.0993, lr_0 = 1.0000e-04
Validation rmse = 0.702687
Epoch 29
Loss = 5.0686e-02, PNorm = 34.9039, GNorm = 1.4006, lr_0 = 1.0000e-04
Loss = 4.8165e-02, PNorm = 34.9080, GNorm = 1.6088, lr_0 = 1.0000e-04
Validation rmse = 0.696608
Model 0 best validation rmse = 0.689673 on epoch 26
Loading pretrained parameter "encoder.encoder.0.cached_zero_vector".
Loading pretrained parameter "encoder.encoder.0.W_i.weight".
Loading pretrained parameter "encoder.encoder.0.W_h.weight".
Loading pretrained parameter "encoder.encoder.0.W_o.weight".
Loading pretrained parameter "encoder.encoder.0.W_o.bias".
Loading pretrained parameter "ffn.1.weight".
Loading pretrained parameter "ffn.1.bias".
Loading pretrained parameter "ffn.4.weight".
Loading pretrained parameter "ffn.4.bias".
Model 0 test rmse = 0.684019
Ensemble test rmse = 0.684019
Fold 3
Splitting data with seed 3
Total size = 1,282 | train size = 1,025 | val size = 128 | test size = 129
Fitting scaler
Building model 0
MoleculeModel(
  (encoder): MPN(
    (encoder): ModuleList(
      (0): MPNEncoder(
        (dropout_layer): Dropout(p=0.0, inplace=False)
        (act_func): ReLU()
        (W_i): Linear(in_features=147, out_features=300, bias=False)
        (W_h): Linear(in_features=300, out_features=300, bias=False)
        (W_o): Linear(in_features=433, out_features=300, bias=True)
      )
    )
  )
  (ffn): Sequential(
    (0): Dropout(p=0.0, inplace=False)
    (1): Linear(in_features=300, out_features=300, bias=True)
    (2): ReLU()
    (3): Dropout(p=0.0, inplace=False)
    (4): Linear(in_features=300, out_features=1, bias=True)
  )
)
Number of parameters = 355,201
Epoch 0
Loss = 8.7861e-01, PNorm = 34.0161, GNorm = 1.5793, lr_0 = 3.4750e-04
Loss = 6.5249e-01, PNorm = 34.0411, GNorm = 6.5720, lr_0 = 5.7250e-04
Loss = 5.3600e-01, PNorm = 34.0442, GNorm = 3.0399, lr_0 = 5.9500e-04
Validation rmse = 1.330322
Epoch 1
Loss = 4.5462e-01, PNorm = 34.0819, GNorm = 2.0643, lr_0 = 8.2000e-04
Loss = 3.7776e-01, PNorm = 34.1218, GNorm = 6.1456, lr_0 = 9.9181e-04
Validation rmse = 1.384423
Epoch 2
Loss = 3.5722e-01, PNorm = 34.1615, GNorm = 3.2759, lr_0 = 9.5186e-04
Loss = 2.5781e-01, PNorm = 34.1983, GNorm = 2.8877, lr_0 = 9.1351e-04
Validation rmse = 0.896056
Epoch 3
Loss = 2.2211e-01, PNorm = 34.2380, GNorm = 4.4935, lr_0 = 8.7311e-04
Loss = 2.1081e-01, PNorm = 34.2727, GNorm = 2.8983, lr_0 = 8.3794e-04
Validation rmse = 0.896061
Epoch 4
Loss = 1.8901e-01, PNorm = 34.3059, GNorm = 3.2018, lr_0 = 8.0419e-04
Loss = 1.8896e-01, PNorm = 34.3324, GNorm = 6.2532, lr_0 = 7.7179e-04
Validation rmse = 0.926258
Epoch 5
Loss = 1.6021e-01, PNorm = 34.3646, GNorm = 5.1834, lr_0 = 7.3766e-04
Loss = 1.8993e-01, PNorm = 34.3850, GNorm = 5.8245, lr_0 = 7.0795e-04
Validation rmse = 0.784136
Epoch 6
Loss = 2.0151e-01, PNorm = 34.4077, GNorm = 2.7033, lr_0 = 6.7943e-04
Loss = 1.5475e-01, PNorm = 34.4338, GNorm = 1.6517, lr_0 = 6.5206e-04
Validation rmse = 0.742647
Epoch 7
Loss = 1.4124e-01, PNorm = 34.4567, GNorm = 9.0780, lr_0 = 6.2322e-04
Loss = 1.2944e-01, PNorm = 34.4736, GNorm = 2.8105, lr_0 = 5.9812e-04
Validation rmse = 0.857599
Epoch 8
Loss = 1.5168e-01, PNorm = 34.4904, GNorm = 4.3953, lr_0 = 5.7402e-04
Loss = 1.2362e-01, PNorm = 34.5064, GNorm = 5.5250, lr_0 = 5.5090e-04
Validation rmse = 0.749249
Epoch 9
Loss = 1.1085e-01, PNorm = 34.5227, GNorm = 5.6787, lr_0 = 5.2654e-04
Loss = 1.1707e-01, PNorm = 34.5373, GNorm = 1.2781, lr_0 = 5.0533e-04
Validation rmse = 0.740439
Epoch 10
Loss = 1.2023e-01, PNorm = 34.5533, GNorm = 3.9030, lr_0 = 4.8497e-04
Loss = 9.3498e-02, PNorm = 34.5642, GNorm = 1.2552, lr_0 = 4.6543e-04
Validation rmse = 0.683300
Epoch 11
Loss = 9.2011e-02, PNorm = 34.5800, GNorm = 1.2073, lr_0 = 4.4485e-04
Loss = 9.0573e-02, PNorm = 34.5889, GNorm = 2.2156, lr_0 = 4.2693e-04
Validation rmse = 0.685341
Epoch 12
Loss = 8.1167e-02, PNorm = 34.6014, GNorm = 2.6647, lr_0 = 4.0973e-04
Loss = 9.6537e-02, PNorm = 34.6143, GNorm = 2.5577, lr_0 = 3.9323e-04
Validation rmse = 0.682223
Epoch 13
Loss = 7.7199e-02, PNorm = 34.6281, GNorm = 2.4212, lr_0 = 3.7584e-04
Loss = 8.6585e-02, PNorm = 34.6387, GNorm = 2.1078, lr_0 = 3.6070e-04
Validation rmse = 0.682389
Epoch 14
Loss = 1.0388e-01, PNorm = 34.6501, GNorm = 2.4560, lr_0 = 3.4617e-04
Loss = 8.4736e-02, PNorm = 34.6602, GNorm = 1.3206, lr_0 = 3.3222e-04
Validation rmse = 0.647256
Epoch 15
Loss = 6.7840e-02, PNorm = 34.6717, GNorm = 0.7993, lr_0 = 3.1753e-04
Loss = 1.0044e-01, PNorm = 34.6813, GNorm = 3.9559, lr_0 = 3.0474e-04
Validation rmse = 0.695310
Epoch 16
Loss = 5.5242e-02, PNorm = 34.6915, GNorm = 0.4145, lr_0 = 2.9246e-04
Loss = 8.3890e-02, PNorm = 34.6997, GNorm = 1.6274, lr_0 = 2.8068e-04
Validation rmse = 0.664498
Epoch 17
Loss = 6.7833e-02, PNorm = 34.7106, GNorm = 1.4241, lr_0 = 2.6827e-04
Loss = 8.0917e-02, PNorm = 34.7199, GNorm = 4.0758, lr_0 = 2.5746e-04
Validation rmse = 0.645370
Epoch 18
Loss = 5.1005e-02, PNorm = 34.7277, GNorm = 1.4425, lr_0 = 2.4709e-04
Loss = 7.0019e-02, PNorm = 34.7357, GNorm = 2.8740, lr_0 = 2.3714e-04
Validation rmse = 0.637575
Epoch 19
Loss = 5.3813e-02, PNorm = 34.7443, GNorm = 1.9250, lr_0 = 2.2665e-04
Loss = 6.5247e-02, PNorm = 34.7516, GNorm = 0.7497, lr_0 = 2.1752e-04
Loss = 7.5753e-02, PNorm = 34.7585, GNorm = 1.3326, lr_0 = 2.0876e-04
Validation rmse = 0.651332
Epoch 20
Loss = 6.2486e-02, PNorm = 34.7657, GNorm = 1.5923, lr_0 = 2.0035e-04
Loss = 7.3975e-02, PNorm = 34.7734, GNorm = 1.5830, lr_0 = 1.9228e-04
Loss = 7.0132e-02, PNorm = 34.7742, GNorm = 4.1770, lr_0 = 1.9149e-04
Validation rmse = 0.638493
Epoch 21
Loss = 6.3519e-02, PNorm = 34.7819, GNorm = 2.4137, lr_0 = 1.8377e-04
Loss = 7.3126e-02, PNorm = 34.7886, GNorm = 2.4243, lr_0 = 1.7637e-04
Validation rmse = 0.632922
Epoch 22
Loss = 5.9665e-02, PNorm = 34.7952, GNorm = 2.3510, lr_0 = 1.6927e-04
Loss = 7.4044e-02, PNorm = 34.8019, GNorm = 3.2856, lr_0 = 1.6245e-04
Validation rmse = 0.668762
Epoch 23
Loss = 6.1693e-02, PNorm = 34.8073, GNorm = 4.0317, lr_0 = 1.5526e-04
Loss = 7.7899e-02, PNorm = 34.8139, GNorm = 2.8723, lr_0 = 1.4901e-04
Validation rmse = 0.636523
Epoch 24
Loss = 6.7329e-02, PNorm = 34.8194, GNorm = 1.0940, lr_0 = 1.4301e-04
Loss = 6.3448e-02, PNorm = 34.8236, GNorm = 1.5916, lr_0 = 1.3725e-04
Validation rmse = 0.652196
Epoch 25
Loss = 6.4357e-02, PNorm = 34.8297, GNorm = 2.9548, lr_0 = 1.3118e-04
Loss = 7.0056e-02, PNorm = 34.8343, GNorm = 2.1197, lr_0 = 1.2589e-04
Validation rmse = 0.636007
Epoch 26
Loss = 6.7900e-02, PNorm = 34.8389, GNorm = 2.5881, lr_0 = 1.2082e-04
Loss = 5.7112e-02, PNorm = 34.8431, GNorm = 0.8031, lr_0 = 1.1595e-04
Validation rmse = 0.644134
Epoch 27
Loss = 6.2310e-02, PNorm = 34.8474, GNorm = 0.9356, lr_0 = 1.1083e-04
Loss = 5.7166e-02, PNorm = 34.8524, GNorm = 1.4840, lr_0 = 1.0636e-04
Validation rmse = 0.638534
Epoch 28
Loss = 4.8655e-02, PNorm = 34.8559, GNorm = 1.0471, lr_0 = 1.0208e-04
Loss = 6.3299e-02, PNorm = 34.8602, GNorm = 1.2950, lr_0 = 1.0000e-04
Validation rmse = 0.629585
Epoch 29
Loss = 5.3872e-02, PNorm = 34.8646, GNorm = 0.9672, lr_0 = 1.0000e-04
Loss = 6.1782e-02, PNorm = 34.8685, GNorm = 1.6329, lr_0 = 1.0000e-04
Validation rmse = 0.642223
Model 0 best validation rmse = 0.629585 on epoch 28
Loading pretrained parameter "encoder.encoder.0.cached_zero_vector".
Loading pretrained parameter "encoder.encoder.0.W_i.weight".
Loading pretrained parameter "encoder.encoder.0.W_h.weight".
Loading pretrained parameter "encoder.encoder.0.W_o.weight".
Loading pretrained parameter "encoder.encoder.0.W_o.bias".
Loading pretrained parameter "ffn.1.weight".
Loading pretrained parameter "ffn.1.bias".
Loading pretrained parameter "ffn.4.weight".
Loading pretrained parameter "ffn.4.bias".
Model 0 test rmse = 0.570301
Ensemble test rmse = 0.570301
Fold 4
Splitting data with seed 4
Total size = 1,282 | train size = 1,025 | val size = 128 | test size = 129
Fitting scaler
Building model 0
MoleculeModel(
  (encoder): MPN(
    (encoder): ModuleList(
      (0): MPNEncoder(
        (dropout_layer): Dropout(p=0.0, inplace=False)
        (act_func): ReLU()
        (W_i): Linear(in_features=147, out_features=300, bias=False)
        (W_h): Linear(in_features=300, out_features=300, bias=False)
        (W_o): Linear(in_features=433, out_features=300, bias=True)
      )
    )
  )
  (ffn): Sequential(
    (0): Dropout(p=0.0, inplace=False)
    (1): Linear(in_features=300, out_features=300, bias=True)
    (2): ReLU()
    (3): Dropout(p=0.0, inplace=False)
    (4): Linear(in_features=300, out_features=1, bias=True)
  )
)
Number of parameters = 355,201
Epoch 0
Loss = 9.0497e-01, PNorm = 34.0143, GNorm = 5.8574, lr_0 = 3.4750e-04
Loss = 7.6560e-01, PNorm = 34.0341, GNorm = 10.0038, lr_0 = 5.7250e-04
Loss = 5.1398e-01, PNorm = 34.0366, GNorm = 2.0180, lr_0 = 5.9500e-04
Validation rmse = 1.380450
Epoch 1
Loss = 4.4587e-01, PNorm = 34.0724, GNorm = 7.9725, lr_0 = 8.2000e-04
Loss = 3.8960e-01, PNorm = 34.1189, GNorm = 3.3947, lr_0 = 9.9181e-04
Validation rmse = 1.176621
Epoch 2
Loss = 3.3091e-01, PNorm = 34.1592, GNorm = 7.1229, lr_0 = 9.5186e-04
Loss = 2.7287e-01, PNorm = 34.2001, GNorm = 1.3021, lr_0 = 9.1351e-04
Validation rmse = 1.008772
Epoch 3
Loss = 1.9758e-01, PNorm = 34.2398, GNorm = 2.4378, lr_0 = 8.7311e-04
Loss = 2.0948e-01, PNorm = 34.2787, GNorm = 3.0317, lr_0 = 8.3794e-04
Validation rmse = 0.980943
Epoch 4
Loss = 2.1725e-01, PNorm = 34.3141, GNorm = 4.2689, lr_0 = 8.0419e-04
Loss = 2.1068e-01, PNorm = 34.3489, GNorm = 3.6875, lr_0 = 7.7179e-04
Validation rmse = 0.804727
Epoch 5
Loss = 1.3735e-01, PNorm = 34.3828, GNorm = 0.9040, lr_0 = 7.3766e-04
Loss = 1.4895e-01, PNorm = 34.4089, GNorm = 2.3067, lr_0 = 7.0795e-04
Validation rmse = 0.868817
Epoch 6
Loss = 1.8706e-01, PNorm = 34.4297, GNorm = 5.9132, lr_0 = 6.7943e-04
Loss = 1.4972e-01, PNorm = 34.4562, GNorm = 4.6248, lr_0 = 6.5206e-04
Validation rmse = 0.770501
Epoch 7
Loss = 1.1297e-01, PNorm = 34.4781, GNorm = 1.1062, lr_0 = 6.2322e-04
Loss = 1.2560e-01, PNorm = 34.5006, GNorm = 1.8088, lr_0 = 5.9812e-04
Validation rmse = 0.703776
Epoch 8
Loss = 8.9473e-02, PNorm = 34.5184, GNorm = 4.9276, lr_0 = 5.7402e-04
Loss = 1.2185e-01, PNorm = 34.5376, GNorm = 1.6379, lr_0 = 5.5090e-04
Validation rmse = 0.664829
Epoch 9
Loss = 1.0318e-01, PNorm = 34.5556, GNorm = 3.5976, lr_0 = 5.2654e-04
Loss = 1.1227e-01, PNorm = 34.5698, GNorm = 2.5809, lr_0 = 5.0533e-04
Validation rmse = 0.784155
Epoch 10
Loss = 1.0745e-01, PNorm = 34.5829, GNorm = 2.7430, lr_0 = 4.8497e-04
Loss = 1.0403e-01, PNorm = 34.5981, GNorm = 4.4380, lr_0 = 4.6543e-04
Validation rmse = 0.629447
Epoch 11
Loss = 8.3938e-02, PNorm = 34.6140, GNorm = 1.9829, lr_0 = 4.4485e-04
Loss = 9.7912e-02, PNorm = 34.6273, GNorm = 1.2826, lr_0 = 4.2693e-04
Validation rmse = 0.709938
Epoch 12
Loss = 1.1952e-01, PNorm = 34.6402, GNorm = 3.5855, lr_0 = 4.0973e-04
Loss = 8.0202e-02, PNorm = 34.6531, GNorm = 2.3213, lr_0 = 3.9323e-04
Validation rmse = 0.650695
Epoch 13
Loss = 9.3371e-02, PNorm = 34.6655, GNorm = 3.6924, lr_0 = 3.7584e-04
Loss = 1.0897e-01, PNorm = 34.6746, GNorm = 5.4054, lr_0 = 3.6070e-04
Validation rmse = 0.667303
Epoch 14
Loss = 9.9450e-02, PNorm = 34.6860, GNorm = 6.1635, lr_0 = 3.4617e-04
Loss = 1.0156e-01, PNorm = 34.6957, GNorm = 1.9006, lr_0 = 3.3222e-04
Validation rmse = 0.625131
Epoch 15
Loss = 7.6983e-02, PNorm = 34.7062, GNorm = 3.5540, lr_0 = 3.1753e-04
Loss = 9.4708e-02, PNorm = 34.7167, GNorm = 1.1494, lr_0 = 3.0474e-04
Validation rmse = 0.609785
Epoch 16
Loss = 5.7933e-02, PNorm = 34.7279, GNorm = 1.6457, lr_0 = 2.9246e-04
Loss = 7.6428e-02, PNorm = 34.7377, GNorm = 2.3439, lr_0 = 2.8068e-04
Validation rmse = 0.605829
Epoch 17
Loss = 6.7621e-02, PNorm = 34.7471, GNorm = 0.9470, lr_0 = 2.6827e-04
Loss = 7.2399e-02, PNorm = 34.7568, GNorm = 0.8395, lr_0 = 2.5746e-04
Validation rmse = 0.626900
Epoch 18
Loss = 7.7660e-02, PNorm = 34.7654, GNorm = 3.0212, lr_0 = 2.4709e-04
Loss = 6.3860e-02, PNorm = 34.7745, GNorm = 2.3905, lr_0 = 2.3714e-04
Validation rmse = 0.608012
Epoch 19
Loss = 4.5391e-02, PNorm = 34.7831, GNorm = 0.5280, lr_0 = 2.2665e-04
Loss = 6.0620e-02, PNorm = 34.7914, GNorm = 0.7663, lr_0 = 2.1752e-04
Loss = 7.7304e-02, PNorm = 34.7989, GNorm = 2.5561, lr_0 = 2.0876e-04
Validation rmse = 0.633358
Epoch 20
Loss = 6.9538e-02, PNorm = 34.8068, GNorm = 1.5338, lr_0 = 2.0035e-04
Loss = 5.6731e-02, PNorm = 34.8135, GNorm = 0.6832, lr_0 = 1.9228e-04
Loss = 7.6370e-02, PNorm = 34.8141, GNorm = 4.4999, lr_0 = 1.9149e-04
Validation rmse = 0.656844
Epoch 21
Loss = 8.5378e-02, PNorm = 34.8206, GNorm = 3.4749, lr_0 = 1.8377e-04
Loss = 6.2135e-02, PNorm = 34.8270, GNorm = 0.8482, lr_0 = 1.7637e-04
Validation rmse = 0.589154
Epoch 22
Loss = 6.1343e-02, PNorm = 34.8346, GNorm = 1.7852, lr_0 = 1.6927e-04
Loss = 5.6070e-02, PNorm = 34.8403, GNorm = 0.6516, lr_0 = 1.6245e-04
Validation rmse = 0.596032
Epoch 23
Loss = 5.2313e-02, PNorm = 34.8458, GNorm = 1.8294, lr_0 = 1.5526e-04
Loss = 6.1874e-02, PNorm = 34.8513, GNorm = 0.6000, lr_0 = 1.4901e-04
Validation rmse = 0.605730
Epoch 24
Loss = 6.3325e-02, PNorm = 34.8574, GNorm = 0.9624, lr_0 = 1.4301e-04
Loss = 5.6893e-02, PNorm = 34.8623, GNorm = 1.3201, lr_0 = 1.3725e-04
Validation rmse = 0.599970
Epoch 25
Loss = 5.1007e-02, PNorm = 34.8680, GNorm = 3.3982, lr_0 = 1.3118e-04
Loss = 5.7359e-02, PNorm = 34.8720, GNorm = 2.7057, lr_0 = 1.2589e-04
Validation rmse = 0.583997
Epoch 26
Loss = 6.5458e-02, PNorm = 34.8774, GNorm = 1.2910, lr_0 = 1.2082e-04
Loss = 5.8122e-02, PNorm = 34.8825, GNorm = 4.7258, lr_0 = 1.1595e-04
Validation rmse = 0.591550
Epoch 27
Loss = 5.3829e-02, PNorm = 34.8868, GNorm = 1.0963, lr_0 = 1.1083e-04
Loss = 6.1698e-02, PNorm = 34.8914, GNorm = 2.9573, lr_0 = 1.0636e-04
Validation rmse = 0.610783
Epoch 28
Loss = 4.6581e-02, PNorm = 34.8953, GNorm = 0.6283, lr_0 = 1.0208e-04
Loss = 5.5116e-02, PNorm = 34.8989, GNorm = 2.2350, lr_0 = 1.0000e-04
Validation rmse = 0.587467
Epoch 29
Loss = 6.0531e-02, PNorm = 34.9039, GNorm = 1.7522, lr_0 = 1.0000e-04
Loss = 5.7237e-02, PNorm = 34.9083, GNorm = 1.9796, lr_0 = 1.0000e-04
Validation rmse = 0.583736
Model 0 best validation rmse = 0.583736 on epoch 29
Loading pretrained parameter "encoder.encoder.0.cached_zero_vector".
Loading pretrained parameter "encoder.encoder.0.W_i.weight".
Loading pretrained parameter "encoder.encoder.0.W_h.weight".
Loading pretrained parameter "encoder.encoder.0.W_o.weight".
Loading pretrained parameter "encoder.encoder.0.W_o.bias".
Loading pretrained parameter "ffn.1.weight".
Loading pretrained parameter "ffn.1.bias".
Loading pretrained parameter "ffn.4.weight".
Loading pretrained parameter "ffn.4.bias".
Model 0 test rmse = 0.655888
Ensemble test rmse = 0.655888
5-fold cross validation
	Seed 0 ==> test rmse = 0.595471
	Seed 1 ==> test rmse = 0.682790
	Seed 2 ==> test rmse = 0.684019
	Seed 3 ==> test rmse = 0.570301
	Seed 4 ==> test rmse = 0.655888
Overall test rmse = 0.637694 +/- 0.046552
Elapsed time = 0:05:25
